<?xml version="1.0" encoding="UTF-8"?>
<testsuite name="edu.luc.etl.cs313.android.shapes.model.TestBoundingBox" tests="9" skipped="0" failures="1" errors="0" timestamp="2020-03-25T21:45:16" hostname="DESKTOP-7OLQTG4" time="0.015">
  <properties/>
  <testcase name="testLocation" classname="edu.luc.etl.cs313.android.shapes.model.TestBoundingBox" time="0.006"/>
  <testcase name="testOutline" classname="edu.luc.etl.cs313.android.shapes.model.TestBoundingBox" time="0.0"/>
  <testcase name="testPolygon" classname="edu.luc.etl.cs313.android.shapes.model.TestBoundingBox" time="0.0"/>
  <testcase name="testGroupSimple" classname="edu.luc.etl.cs313.android.shapes.model.TestBoundingBox" time="0.0"/>
  <testcase name="testStrokeColor" classname="edu.luc.etl.cs313.android.shapes.model.TestBoundingBox" time="0.002"/>
  <testcase name="testCircle" classname="edu.luc.etl.cs313.android.shapes.model.TestBoundingBox" time="0.001"/>
  <testcase name="testFilled" classname="edu.luc.etl.cs313.android.shapes.model.TestBoundingBox" time="0.0"/>
  <testcase name="testGroupComplex" classname="edu.luc.etl.cs313.android.shapes.model.TestBoundingBox" time="0.006">
    <failure message="java.lang.StackOverflowError" type="java.lang.StackOverflowError">java.lang.StackOverflowError
	at edu.luc.etl.cs313.android.shapes.model.BoundingBox.helper(BoundingBox.java:197)
	at edu.luc.etl.cs313.android.shapes.model.BoundingBox.helper(BoundingBox.java:197)
	at edu.luc.etl.cs313.android.shapes.model.BoundingBox.helper(BoundingBox.java:197)
	at edu.luc.etl.cs313.android.shapes.model.BoundingBox.helper(BoundingBox.java:197)
	at edu.luc.etl.cs313.android.shapes.model.BoundingBox.helper(BoundingBox.java:197)
	at edu.luc.etl.cs313.android.shapes.model.BoundingBox.helper(BoundingBox.java:197)
	at edu.luc.etl.cs313.android.shapes.model.BoundingBox.helper(BoundingBox.java:197)
	at edu.luc.etl.cs313.android.shapes.model.BoundingBox.helper(BoundingBox.java:197)
	at edu.luc.etl.cs313.android.shapes.model.BoundingBox.helper(BoundingBox.java:197)
	at edu.luc.etl.cs313.android.shapes.model.BoundingBox.helper(BoundingBox.java:197)
	at edu.luc.etl.cs313.android.shapes.model.BoundingBox.helper(BoundingBox.java:197)
	at edu.luc.etl.cs313.android.shapes.model.BoundingBox.helper(BoundingBox.java:197)
	at edu.luc.etl.cs313.android.shapes.model.BoundingBox.helper(BoundingBox.java:197)
	at edu.luc.etl.cs313.android.shapes.model.BoundingBox.helper(BoundingBox.java:197)
	at edu.luc.etl.cs313.android.shapes.model.BoundingBox.helper(BoundingBox.java:197)
	at edu.luc.etl.cs313.android.shapes.model.BoundingBox.helper(BoundingBox.java:197)
	at edu.luc.etl.cs313.android.shapes.model.BoundingBox.helper(BoundingBox.java:197)
	at edu.luc.etl.cs313.android.shapes.model.BoundingBox.helper(BoundingBox.java:197)
	at edu.luc.etl.cs313.android.shapes.model.BoundingBox.helper(BoundingBox.java:197)
	at edu.luc.etl.cs313.android.shapes.model.BoundingBox.helper(BoundingBox.java:197)
	at edu.luc.etl.cs313.android.shapes.model.BoundingBox.helper(BoundingBox.java:197)
	at edu.luc.etl.cs313.android.shapes.model.BoundingBox.helper(BoundingBox.java:197)
	at edu.luc.etl.cs313.android.shapes.model.BoundingBox.helper(BoundingBox.java:197)
	at edu.luc.etl.cs313.android.shapes.model.BoundingBox.helper(BoundingBox.java:197)
	at edu.luc.etl.cs313.android.shapes.model.BoundingBox.helper(BoundingBox.java:197)
	at edu.luc.etl.cs313.android.shapes.model.BoundingBox.helper(BoundingBox.java:197)
	at edu.luc.etl.cs313.android.shapes.model.BoundingBox.helper(BoundingBox.java:197)
	at edu.luc.etl.cs313.android.shapes.model.BoundingBox.helper(BoundingBox.java:197)
	at edu.luc.etl.cs313.android.shapes.model.BoundingBox.helper(BoundingBox.java:197)
	at edu.luc.etl.cs313.android.shapes.model.BoundingBox.helper(BoundingBox.java:197)
	at edu.luc.etl.cs313.android.shapes.model.BoundingBox.helper(BoundingBox.java:197)
	at edu.luc.etl.cs313.android.shapes.model.BoundingBox.helper(BoundingBox.java:197)
	at edu.luc.etl.cs313.android.shapes.model.BoundingBox.helper(BoundingBox.java:197)
	at edu.luc.etl.cs313.android.shapes.model.BoundingBox.helper(BoundingBox.java:197)
	at edu.luc.etl.cs313.android.shapes.model.BoundingBox.helper(BoundingBox.java:197)
	at edu.luc.etl.cs313.android.shapes.model.BoundingBox.helper(BoundingBox.java:197)
	at edu.luc.etl.cs313.android.shapes.model.BoundingBox.helper(BoundingBox.java:197)
	at edu.luc.etl.cs313.android.shapes.model.BoundingBox.helper(BoundingBox.java:197)
	at edu.luc.etl.cs313.android.shapes.model.BoundingBox.helper(BoundingBox.java:197)
	at edu.luc.etl.cs313.android.shapes.model.BoundingBox.helper(BoundingBox.java:197)
	at edu.luc.etl.cs313.android.shapes.model.BoundingBox.helper(BoundingBox.java:197)
	at edu.luc.etl.cs313.android.shapes.model.BoundingBox.helper(BoundingBox.java:197)
	at edu.luc.etl.cs313.android.shapes.model.BoundingBox.helper(BoundingBox.java:197)
	at edu.luc.etl.cs313.android.shapes.model.BoundingBox.helper(BoundingBox.java:197)
	at edu.luc.etl.cs313.android.shapes.model.BoundingBox.helper(BoundingBox.java:197)
	at edu.luc.etl.cs313.android.shapes.model.BoundingBox.helper(BoundingBox.java:197)
	at edu.luc.etl.cs313.android.shapes.model.BoundingBox.helper(BoundingBox.java:197)
	at edu.luc.etl.cs313.android.shapes.model.BoundingBox.helper(BoundingBox.java:197)
	at edu.luc.etl.cs313.android.shapes.model.BoundingBox.helper(BoundingBox.java:197)
	at edu.luc.etl.cs313.android.shapes.model.BoundingBox.helper(BoundingBox.java:197)
	at edu.luc.etl.cs313.android.shapes.model.BoundingBox.helper(BoundingBox.java:197)
	at edu.luc.etl.cs313.android.shapes.model.BoundingBox.helper(BoundingBox.java:197)
	at edu.luc.etl.cs313.android.shapes.model.BoundingBox.helper(BoundingBox.java:197)
	at edu.luc.etl.cs313.android.shapes.model.BoundingBox.helper(BoundingBox.java:197)
	at edu.luc.etl.cs313.android.shapes.model.BoundingBox.helper(BoundingBox.java:197)
	at edu.luc.etl.cs313.android.shapes.model.BoundingBox.helper(BoundingBox.java:197)
	at edu.luc.etl.cs313.android.shapes.model.BoundingBox.helper(BoundingBox.java:197)
	at edu.luc.etl.cs313.android.shapes.model.BoundingBox.helper(BoundingBox.java:197)
	at edu.luc.etl.cs313.android.shapes.model.BoundingBox.helper(BoundingBox.java:197)
	at edu.luc.etl.cs313.android.shapes.model.BoundingBox.helper(BoundingBox.java:197)
	at edu.luc.etl.cs313.android.shapes.model.BoundingBox.helper(BoundingBox.java:197)
	at edu.luc.etl.cs313.android.shapes.model.BoundingBox.helper(BoundingBox.java:197)
	at edu.luc.etl.cs313.android.shapes.model.BoundingBox.helper(BoundingBox.java:197)
	at edu.luc.etl.cs313.android.shapes.model.BoundingBox.helper(BoundingBox.java:197)
	at edu.luc.etl.cs313.android.shapes.model.BoundingBox.helper(BoundingBox.java:197)
	at edu.luc.etl.cs313.android.shapes.model.BoundingBox.helper(BoundingBox.java:197)
	at edu.luc.etl.cs313.android.shapes.model.BoundingBox.helper(BoundingBox.java:197)
	at edu.luc.etl.cs313.android.shapes.model.BoundingBox.helper(BoundingBox.java:197)
	at edu.luc.etl.cs313.android.shapes.model.BoundingBox.helper(BoundingBox.java:197)
	at edu.luc.etl.cs313.android.shapes.model.BoundingBox.helper(BoundingBox.java:197)
	at edu.luc.etl.cs313.android.shapes.model.BoundingBox.helper(BoundingBox.java:197)
	at edu.luc.etl.cs313.android.shapes.model.BoundingBox.helper(BoundingBox.java:197)
	at edu.luc.etl.cs313.android.shapes.model.BoundingBox.helper(BoundingBox.java:197)
	at edu.luc.etl.cs313.android.shapes.model.BoundingBox.helper(BoundingBox.java:197)
	at edu.luc.etl.cs313.android.shapes.model.BoundingBox.helper(BoundingBox.java:197)
	at edu.luc.etl.cs313.android.shapes.model.BoundingBox.helper(BoundingBox.java:197)
	at edu.luc.etl.cs313.android.shapes.model.BoundingBox.helper(BoundingBox.java:197)
	at edu.luc.etl.cs313.android.shapes.model.BoundingBox.helper(BoundingBox.java:197)
	at edu.luc.etl.cs313.android.shapes.model.BoundingBox.helper(BoundingBox.java:197)
	at edu.luc.etl.cs313.android.shapes.model.BoundingBox.helper(BoundingBox.java:197)
	at edu.luc.etl.cs313.android.shapes.model.BoundingBox.helper(BoundingBox.java:197)
	at edu.luc.etl.cs313.android.shapes.model.BoundingBox.helper(BoundingBox.java:197)
	at edu.luc.etl.cs313.android.shapes.model.BoundingBox.helper(BoundingBox.java:197)
	at edu.luc.etl.cs313.android.shapes.model.BoundingBox.helper(BoundingBox.java:197)
	at edu.luc.etl.cs313.android.shapes.model.BoundingBox.helper(BoundingBox.java:197)
	at edu.luc.etl.cs313.android.shapes.model.BoundingBox.helper(BoundingBox.java:197)
	at edu.luc.etl.cs313.android.shapes.model.BoundingBox.helper(BoundingBox.java:197)
	at edu.luc.etl.cs313.android.shapes.model.BoundingBox.helper(BoundingBox.java:197)
	at edu.luc.etl.cs313.android.shapes.model.BoundingBox.helper(BoundingBox.java:197)
	at edu.luc.etl.cs313.android.shapes.model.BoundingBox.helper(BoundingBox.java:197)
	at edu.luc.etl.cs313.android.shapes.model.BoundingBox.helper(BoundingBox.java:197)
	at edu.luc.etl.cs313.android.shapes.model.BoundingBox.helper(BoundingBox.java:197)
	at edu.luc.etl.cs313.android.shapes.model.BoundingBox.helper(BoundingBox.java:197)
	at edu.luc.etl.cs313.android.shapes.model.BoundingBox.helper(BoundingBox.java:197)
	at edu.luc.etl.cs313.android.shapes.model.BoundingBox.helper(BoundingBox.java:197)
	at edu.luc.etl.cs313.android.shapes.model.BoundingBox.helper(BoundingBox.java:197)
	at edu.luc.etl.cs313.android.shapes.model.BoundingBox.helper(BoundingBox.java:197)
	at edu.luc.etl.cs313.android.shapes.model.BoundingBox.helper(BoundingBox.java:197)
	at edu.luc.etl.cs313.android.shapes.model.BoundingBox.helper(BoundingBox.java:197)
	at edu.luc.etl.cs313.android.shapes.model.BoundingBox.helper(BoundingBox.java:197)
	at edu.luc.etl.cs313.android.shapes.model.BoundingBox.helper(BoundingBox.java:197)
	at edu.luc.etl.cs313.android.shapes.model.BoundingBox.helper(BoundingBox.java:197)
	at edu.luc.etl.cs313.android.shapes.model.BoundingBox.helper(BoundingBox.java:197)
	at edu.luc.etl.cs313.android.shapes.model.BoundingBox.helper(BoundingBox.java:197)
	at edu.luc.etl.cs313.android.shapes.model.BoundingBox.helper(BoundingBox.java:197)
	at edu.luc.etl.cs313.android.shapes.model.BoundingBox.helper(BoundingBox.java:197)
	at edu.luc.etl.cs313.android.shapes.model.BoundingBox.helper(BoundingBox.java:197)
	at edu.luc.etl.cs313.android.shapes.model.BoundingBox.helper(BoundingBox.java:197)
	at edu.luc.etl.cs313.android.shapes.model.BoundingBox.helper(BoundingBox.java:197)
	at edu.luc.etl.cs313.android.shapes.model.BoundingBox.helper(BoundingBox.java:197)
	at edu.luc.etl.cs313.android.shapes.model.BoundingBox.helper(BoundingBox.java:197)
	at edu.luc.etl.cs313.android.shapes.model.BoundingBox.helper(BoundingBox.java:197)
	at edu.luc.etl.cs313.android.shapes.model.BoundingBox.helper(BoundingBox.java:197)
	at edu.luc.etl.cs313.android.shapes.model.BoundingBox.helper(BoundingBox.java:197)
	at edu.luc.etl.cs313.android.shapes.model.BoundingBox.helper(BoundingBox.java:197)
	at edu.luc.etl.cs313.android.shapes.model.BoundingBox.helper(BoundingBox.java:197)
	at edu.luc.etl.cs313.android.shapes.model.BoundingBox.helper(BoundingBox.java:197)
	at edu.luc.etl.cs313.android.shapes.model.BoundingBox.helper(BoundingBox.java:197)
	at edu.luc.etl.cs313.android.shapes.model.BoundingBox.helper(BoundingBox.java:197)
	at edu.luc.etl.cs313.android.shapes.model.BoundingBox.helper(BoundingBox.java:197)
	at edu.luc.etl.cs313.android.shapes.model.BoundingBox.helper(BoundingBox.java:197)
	at edu.luc.etl.cs313.android.shapes.model.BoundingBox.helper(BoundingBox.java:197)
	at edu.luc.etl.cs313.android.shapes.model.BoundingBox.helper(BoundingBox.java:197)
	at edu.luc.etl.cs313.android.shapes.model.BoundingBox.helper(BoundingBox.java:197)
	at edu.luc.etl.cs313.android.shapes.model.BoundingBox.helper(BoundingBox.java:197)
	at edu.luc.etl.cs313.android.shapes.model.BoundingBox.helper(BoundingBox.java:197)
	at edu.luc.etl.cs313.android.shapes.model.BoundingBox.helper(BoundingBox.java:197)
	at edu.luc.etl.cs313.android.shapes.model.BoundingBox.helper(BoundingBox.java:197)
	at edu.luc.etl.cs313.android.shapes.model.BoundingBox.helper(BoundingBox.java:197)
	at edu.luc.etl.cs313.android.shapes.model.BoundingBox.helper(BoundingBox.java:197)
	at edu.luc.etl.cs313.android.shapes.model.BoundingBox.helper(BoundingBox.java:197)
	at edu.luc.etl.cs313.android.shapes.model.BoundingBox.helper(BoundingBox.java:197)
	at edu.luc.etl.cs313.android.shapes.model.BoundingBox.helper(BoundingBox.java:197)
	at edu.luc.etl.cs313.android.shapes.model.BoundingBox.helper(BoundingBox.java:197)
	at edu.luc.etl.cs313.android.shapes.model.BoundingBox.helper(BoundingBox.java:197)
	at edu.luc.etl.cs313.android.shapes.model.BoundingBox.helper(BoundingBox.java:197)
	at edu.luc.etl.cs313.android.shapes.model.BoundingBox.helper(BoundingBox.java:197)
	at edu.luc.etl.cs313.android.shapes.model.BoundingBox.helper(BoundingBox.java:197)
	at edu.luc.etl.cs313.android.shapes.model.BoundingBox.helper(BoundingBox.java:197)
	at edu.luc.etl.cs313.android.shapes.model.BoundingBox.helper(BoundingBox.java:197)
	at edu.luc.etl.cs313.android.shapes.model.BoundingBox.helper(BoundingBox.java:197)
	at edu.luc.etl.cs313.android.shapes.model.BoundingBox.helper(BoundingBox.java:197)
	at edu.luc.etl.cs313.android.shapes.model.BoundingBox.helper(BoundingBox.java:197)
	at edu.luc.etl.cs313.android.shapes.model.BoundingBox.helper(BoundingBox.java:197)
	at edu.luc.etl.cs313.android.shapes.model.BoundingBox.helper(BoundingBox.java:197)
	at edu.luc.etl.cs313.android.shapes.model.BoundingBox.helper(BoundingBox.java:197)
	at edu.luc.etl.cs313.android.shapes.model.BoundingBox.helper(BoundingBox.java:197)
	at edu.luc.etl.cs313.android.shapes.model.BoundingBox.helper(BoundingBox.java:197)
	at edu.luc.etl.cs313.android.shapes.model.BoundingBox.helper(BoundingBox.java:197)
	at edu.luc.etl.cs313.android.shapes.model.BoundingBox.helper(BoundingBox.java:197)
	at edu.luc.etl.cs313.android.shapes.model.BoundingBox.helper(BoundingBox.java:197)
	at edu.luc.etl.cs313.android.shapes.model.BoundingBox.helper(BoundingBox.java:197)
	at edu.luc.etl.cs313.android.shapes.model.BoundingBox.helper(BoundingBox.java:197)
	at edu.luc.etl.cs313.android.shapes.model.BoundingBox.helper(BoundingBox.java:197)
	at edu.luc.etl.cs313.android.shapes.model.BoundingBox.helper(BoundingBox.java:197)
	at edu.luc.etl.cs313.android.shapes.model.BoundingBox.helper(BoundingBox.java:197)
	at edu.luc.etl.cs313.android.shapes.model.BoundingBox.helper(BoundingBox.java:197)
	at edu.luc.etl.cs313.android.shapes.model.BoundingBox.helper(BoundingBox.java:197)
	at edu.luc.etl.cs313.android.shapes.model.BoundingBox.helper(BoundingBox.java:197)
	at edu.luc.etl.cs313.android.shapes.model.BoundingBox.helper(BoundingBox.java:197)
	at edu.luc.etl.cs313.android.shapes.model.BoundingBox.helper(BoundingBox.java:197)
	at edu.luc.etl.cs313.android.shapes.model.BoundingBox.helper(BoundingBox.java:197)
	at edu.luc.etl.cs313.android.shapes.model.BoundingBox.helper(BoundingBox.java:197)
	at edu.luc.etl.cs313.android.shapes.model.BoundingBox.helper(BoundingBox.java:197)
	at edu.luc.etl.cs313.android.shapes.model.BoundingBox.helper(BoundingBox.java:197)
	at edu.luc.etl.cs313.android.shapes.model.BoundingBox.helper(BoundingBox.java:197)
	at edu.luc.etl.cs313.android.shapes.model.BoundingBox.helper(BoundingBox.java:197)
	at edu.luc.etl.cs313.android.shapes.model.BoundingBox.helper(BoundingBox.java:197)
	at edu.luc.etl.cs313.android.shapes.model.BoundingBox.helper(BoundingBox.java:197)
	at edu.luc.etl.cs313.android.shapes.model.BoundingBox.helper(BoundingBox.java:197)
	at edu.luc.etl.cs313.android.shapes.model.BoundingBox.helper(BoundingBox.java:197)
	at edu.luc.etl.cs313.android.shapes.model.BoundingBox.helper(BoundingBox.java:197)
	at edu.luc.etl.cs313.android.shapes.model.BoundingBox.helper(BoundingBox.java:197)
	at edu.luc.etl.cs313.android.shapes.model.BoundingBox.helper(BoundingBox.java:197)
	at edu.luc.etl.cs313.android.shapes.model.BoundingBox.helper(BoundingBox.java:197)
	at edu.luc.etl.cs313.android.shapes.model.BoundingBox.helper(BoundingBox.java:197)
	at edu.luc.etl.cs313.android.shapes.model.BoundingBox.helper(BoundingBox.java:197)
	at edu.luc.etl.cs313.android.shapes.model.BoundingBox.helper(BoundingBox.java:197)
	at edu.luc.etl.cs313.android.shapes.model.BoundingBox.helper(BoundingBox.java:197)
	at edu.luc.etl.cs313.android.shapes.model.BoundingBox.helper(BoundingBox.java:197)
	at edu.luc.etl.cs313.android.shapes.model.BoundingBox.helper(BoundingBox.java:197)
	at edu.luc.etl.cs313.android.shapes.model.BoundingBox.helper(BoundingBox.java:197)
	at edu.luc.etl.cs313.android.shapes.model.BoundingBox.helper(BoundingBox.java:197)
	at edu.luc.etl.cs313.android.shapes.model.BoundingBox.helper(BoundingBox.java:197)
	at edu.luc.etl.cs313.android.shapes.model.BoundingBox.helper(BoundingBox.java:197)
	at edu.luc.etl.cs313.android.shapes.model.BoundingBox.helper(BoundingBox.java:197)
	at edu.luc.etl.cs313.android.shapes.model.BoundingBox.helper(BoundingBox.java:197)
	at edu.luc.etl.cs313.android.shapes.model.BoundingBox.helper(BoundingBox.java:197)
	at edu.luc.etl.cs313.android.shapes.model.BoundingBox.helper(BoundingBox.java:197)
	at edu.luc.etl.cs313.android.shapes.model.BoundingBox.helper(BoundingBox.java:197)
	at edu.luc.etl.cs313.android.shapes.model.BoundingBox.helper(BoundingBox.java:197)
	at edu.luc.etl.cs313.android.shapes.model.BoundingBox.helper(BoundingBox.java:197)
	at edu.luc.etl.cs313.android.shapes.model.BoundingBox.helper(BoundingBox.java:197)
	at edu.luc.etl.cs313.android.shapes.model.BoundingBox.helper(BoundingBox.java:197)
	at edu.luc.etl.cs313.android.shapes.model.BoundingBox.helper(BoundingBox.java:197)
	at edu.luc.etl.cs313.android.shapes.model.BoundingBox.helper(BoundingBox.java:197)
	at edu.luc.etl.cs313.android.shapes.model.BoundingBox.helper(BoundingBox.java:197)
	at edu.luc.etl.cs313.android.shapes.model.BoundingBox.helper(BoundingBox.java:197)
	at edu.luc.etl.cs313.android.shapes.model.BoundingBox.helper(BoundingBox.java:197)
	at edu.luc.etl.cs313.android.shapes.model.BoundingBox.helper(BoundingBox.java:197)
	at edu.luc.etl.cs313.android.shapes.model.BoundingBox.helper(BoundingBox.java:197)
	at edu.luc.etl.cs313.android.shapes.model.BoundingBox.helper(BoundingBox.java:197)
	at edu.luc.etl.cs313.android.shapes.model.BoundingBox.helper(BoundingBox.java:197)
	at edu.luc.etl.cs313.android.shapes.model.BoundingBox.helper(BoundingBox.java:197)
	at edu.luc.etl.cs313.android.shapes.model.BoundingBox.helper(BoundingBox.java:197)
	at edu.luc.etl.cs313.android.shapes.model.BoundingBox.helper(BoundingBox.java:197)
	at edu.luc.etl.cs313.android.shapes.model.BoundingBox.helper(BoundingBox.java:197)
	at edu.luc.etl.cs313.android.shapes.model.BoundingBox.helper(BoundingBox.java:197)
	at edu.luc.etl.cs313.android.shapes.model.BoundingBox.helper(BoundingBox.java:197)
	at edu.luc.etl.cs313.android.shapes.model.BoundingBox.helper(BoundingBox.java:197)
	at edu.luc.etl.cs313.android.shapes.model.BoundingBox.helper(BoundingBox.java:197)
	at edu.luc.etl.cs313.android.shapes.model.BoundingBox.helper(BoundingBox.java:197)
	at edu.luc.etl.cs313.android.shapes.model.BoundingBox.helper(BoundingBox.java:197)
	at edu.luc.etl.cs313.android.shapes.model.BoundingBox.helper(BoundingBox.java:197)
	at edu.luc.etl.cs313.android.shapes.model.BoundingBox.helper(BoundingBox.java:197)
	at edu.luc.etl.cs313.android.shapes.model.BoundingBox.helper(BoundingBox.java:197)
	at edu.luc.etl.cs313.android.shapes.model.BoundingBox.helper(BoundingBox.java:197)
	at edu.luc.etl.cs313.android.shapes.model.BoundingBox.helper(BoundingBox.java:197)
	at edu.luc.etl.cs313.android.shapes.model.BoundingBox.helper(BoundingBox.java:197)
	at edu.luc.etl.cs313.android.shapes.model.BoundingBox.helper(BoundingBox.java:197)
	at edu.luc.etl.cs313.android.shapes.model.BoundingBox.helper(BoundingBox.java:197)
	at edu.luc.etl.cs313.android.shapes.model.BoundingBox.helper(BoundingBox.java:197)
	at edu.luc.etl.cs313.android.shapes.model.BoundingBox.helper(BoundingBox.java:197)
	at edu.luc.etl.cs313.android.shapes.model.BoundingBox.helper(BoundingBox.java:197)
	at edu.luc.etl.cs313.android.shapes.model.BoundingBox.helper(BoundingBox.java:197)
	at edu.luc.etl.cs313.android.shapes.model.BoundingBox.helper(BoundingBox.java:197)
	at edu.luc.etl.cs313.android.shapes.model.BoundingBox.helper(BoundingBox.java:197)
	at edu.luc.etl.cs313.android.shapes.model.BoundingBox.helper(BoundingBox.java:197)
	at edu.luc.etl.cs313.android.shapes.model.BoundingBox.helper(BoundingBox.java:197)
	at edu.luc.etl.cs313.android.shapes.model.BoundingBox.helper(BoundingBox.java:197)
	at edu.luc.etl.cs313.android.shapes.model.BoundingBox.helper(BoundingBox.java:197)
	at edu.luc.etl.cs313.android.shapes.model.BoundingBox.helper(BoundingBox.java:197)
	at edu.luc.etl.cs313.android.shapes.model.BoundingBox.helper(BoundingBox.java:197)
	at edu.luc.etl.cs313.android.shapes.model.BoundingBox.helper(BoundingBox.java:197)
	at edu.luc.etl.cs313.android.shapes.model.BoundingBox.helper(BoundingBox.java:197)
	at edu.luc.etl.cs313.android.shapes.model.BoundingBox.helper(BoundingBox.java:197)
	at edu.luc.etl.cs313.android.shapes.model.BoundingBox.helper(BoundingBox.java:197)
	at edu.luc.etl.cs313.android.shapes.model.BoundingBox.helper(BoundingBox.java:197)
	at edu.luc.etl.cs313.android.shapes.model.BoundingBox.helper(BoundingBox.java:197)
	at edu.luc.etl.cs313.android.shapes.model.BoundingBox.helper(BoundingBox.java:197)
	at edu.luc.etl.cs313.android.shapes.model.BoundingBox.helper(BoundingBox.java:197)
	at edu.luc.etl.cs313.android.shapes.model.BoundingBox.helper(BoundingBox.java:197)
	at edu.luc.etl.cs313.android.shapes.model.BoundingBox.helper(BoundingBox.java:197)
	at edu.luc.etl.cs313.android.shapes.model.BoundingBox.helper(BoundingBox.java:197)
	at edu.luc.etl.cs313.android.shapes.model.BoundingBox.helper(BoundingBox.java:197)
	at edu.luc.etl.cs313.android.shapes.model.BoundingBox.helper(BoundingBox.java:197)
	at edu.luc.etl.cs313.android.shapes.model.BoundingBox.helper(BoundingBox.java:197)
	at edu.luc.etl.cs313.android.shapes.model.BoundingBox.helper(BoundingBox.java:197)
	at edu.luc.etl.cs313.android.shapes.model.BoundingBox.helper(BoundingBox.java:197)
	at edu.luc.etl.cs313.android.shapes.model.BoundingBox.helper(BoundingBox.java:197)
	at edu.luc.etl.cs313.android.shapes.model.BoundingBox.helper(BoundingBox.java:197)
	at edu.luc.etl.cs313.android.shapes.model.BoundingBox.helper(BoundingBox.java:197)
	at edu.luc.etl.cs313.android.shapes.model.BoundingBox.helper(BoundingBox.java:197)
	at edu.luc.etl.cs313.android.shapes.model.BoundingBox.helper(BoundingBox.java:197)
	at edu.luc.etl.cs313.android.shapes.model.BoundingBox.helper(BoundingBox.java:197)
	at edu.luc.etl.cs313.android.shapes.model.BoundingBox.helper(BoundingBox.java:197)
	at edu.luc.etl.cs313.android.shapes.model.BoundingBox.helper(BoundingBox.java:197)
	at edu.luc.etl.cs313.android.shapes.model.BoundingBox.helper(BoundingBox.java:197)
	at edu.luc.etl.cs313.android.shapes.model.BoundingBox.helper(BoundingBox.java:197)
	at edu.luc.etl.cs313.android.shapes.model.BoundingBox.helper(BoundingBox.java:197)
	at edu.luc.etl.cs313.android.shapes.model.BoundingBox.helper(BoundingBox.java:197)
	at edu.luc.etl.cs313.android.shapes.model.BoundingBox.helper(BoundingBox.java:197)
	at edu.luc.etl.cs313.android.shapes.model.BoundingBox.helper(BoundingBox.java:197)
	at edu.luc.etl.cs313.android.shapes.model.BoundingBox.helper(BoundingBox.java:197)
	at edu.luc.etl.cs313.android.shapes.model.BoundingBox.helper(BoundingBox.java:197)
	at edu.luc.etl.cs313.android.shapes.model.BoundingBox.helper(BoundingBox.java:197)
	at edu.luc.etl.cs313.android.shapes.model.BoundingBox.helper(BoundingBox.java:197)
	at edu.luc.etl.cs313.android.shapes.model.BoundingBox.helper(BoundingBox.java:197)
	at edu.luc.etl.cs313.android.shapes.model.BoundingBox.helper(BoundingBox.java:197)
	at edu.luc.etl.cs313.android.shapes.model.BoundingBox.helper(BoundingBox.java:197)
	at edu.luc.etl.cs313.android.shapes.model.BoundingBox.helper(BoundingBox.java:197)
	at edu.luc.etl.cs313.android.shapes.model.BoundingBox.helper(BoundingBox.java:197)
	at edu.luc.etl.cs313.android.shapes.model.BoundingBox.helper(BoundingBox.java:197)
	at edu.luc.etl.cs313.android.shapes.model.BoundingBox.helper(BoundingBox.java:197)
	at edu.luc.etl.cs313.android.shapes.model.BoundingBox.helper(BoundingBox.java:197)
	at edu.luc.etl.cs313.android.shapes.model.BoundingBox.helper(BoundingBox.java:197)
	at edu.luc.etl.cs313.android.shapes.model.BoundingBox.helper(BoundingBox.java:197)
	at edu.luc.etl.cs313.android.shapes.model.BoundingBox.helper(BoundingBox.java:197)
	at edu.luc.etl.cs313.android.shapes.model.BoundingBox.helper(BoundingBox.java:197)
	at edu.luc.etl.cs313.android.shapes.model.BoundingBox.helper(BoundingBox.java:197)
	at edu.luc.etl.cs313.android.shapes.model.BoundingBox.helper(BoundingBox.java:197)
	at edu.luc.etl.cs313.android.shapes.model.BoundingBox.helper(BoundingBox.java:197)
	at edu.luc.etl.cs313.android.shapes.model.BoundingBox.helper(BoundingBox.java:197)
	at edu.luc.etl.cs313.android.shapes.model.BoundingBox.helper(BoundingBox.java:197)
	at edu.luc.etl.cs313.android.shapes.model.BoundingBox.helper(BoundingBox.java:197)
	at edu.luc.etl.cs313.android.shapes.model.BoundingBox.helper(BoundingBox.java:197)
	at edu.luc.etl.cs313.android.shapes.model.BoundingBox.helper(BoundingBox.java:197)
	at edu.luc.etl.cs313.android.shapes.model.BoundingBox.helper(BoundingBox.java:197)
	at edu.luc.etl.cs313.android.shapes.model.BoundingBox.helper(BoundingBox.java:197)
	at edu.luc.etl.cs313.android.shapes.model.BoundingBox.helper(BoundingBox.java:197)
	at edu.luc.etl.cs313.android.shapes.model.BoundingBox.helper(BoundingBox.java:197)
	at edu.luc.etl.cs313.android.shapes.model.BoundingBox.helper(BoundingBox.java:197)
	at edu.luc.etl.cs313.android.shapes.model.BoundingBox.helper(BoundingBox.java:197)
	at edu.luc.etl.cs313.android.shapes.model.BoundingBox.helper(BoundingBox.java:197)
	at edu.luc.etl.cs313.android.shapes.model.BoundingBox.helper(BoundingBox.java:197)
	at edu.luc.etl.cs313.android.shapes.model.BoundingBox.helper(BoundingBox.java:197)
	at edu.luc.etl.cs313.android.shapes.model.BoundingBox.helper(BoundingBox.java:197)
	at edu.luc.etl.cs313.android.shapes.model.BoundingBox.helper(BoundingBox.java:197)
	at edu.luc.etl.cs313.android.shapes.model.BoundingBox.helper(BoundingBox.java:197)
	at edu.luc.etl.cs313.android.shapes.model.BoundingBox.helper(BoundingBox.java:197)
	at edu.luc.etl.cs313.android.shapes.model.BoundingBox.helper(BoundingBox.java:197)
	at edu.luc.etl.cs313.android.shapes.model.BoundingBox.helper(BoundingBox.java:197)
	at edu.luc.etl.cs313.android.shapes.model.BoundingBox.helper(BoundingBox.java:197)
	at edu.luc.etl.cs313.android.shapes.model.BoundingBox.helper(BoundingBox.java:197)
	at edu.luc.etl.cs313.android.shapes.model.BoundingBox.helper(BoundingBox.java:197)
	at edu.luc.etl.cs313.android.shapes.model.BoundingBox.helper(BoundingBox.java:197)
	at edu.luc.etl.cs313.android.shapes.model.BoundingBox.helper(BoundingBox.java:197)
	at edu.luc.etl.cs313.android.shapes.model.BoundingBox.helper(BoundingBox.java:197)
	at edu.luc.etl.cs313.android.shapes.model.BoundingBox.helper(BoundingBox.java:197)
	at edu.luc.etl.cs313.android.shapes.model.BoundingBox.helper(BoundingBox.java:197)
	at edu.luc.etl.cs313.android.shapes.model.BoundingBox.helper(BoundingBox.java:197)
	at edu.luc.etl.cs313.android.shapes.model.BoundingBox.helper(BoundingBox.java:197)
	at edu.luc.etl.cs313.android.shapes.model.BoundingBox.helper(BoundingBox.java:197)
	at edu.luc.etl.cs313.android.shapes.model.BoundingBox.helper(BoundingBox.java:197)
	at edu.luc.etl.cs313.android.shapes.model.BoundingBox.helper(BoundingBox.java:197)
	at edu.luc.etl.cs313.android.shapes.model.BoundingBox.helper(BoundingBox.java:197)
	at edu.luc.etl.cs313.android.shapes.model.BoundingBox.helper(BoundingBox.java:197)
	at edu.luc.etl.cs313.android.shapes.model.BoundingBox.helper(BoundingBox.java:197)
	at edu.luc.etl.cs313.android.shapes.model.BoundingBox.helper(BoundingBox.java:197)
	at edu.luc.etl.cs313.android.shapes.model.BoundingBox.helper(BoundingBox.java:197)
	at edu.luc.etl.cs313.android.shapes.model.BoundingBox.helper(BoundingBox.java:197)
	at edu.luc.etl.cs313.android.shapes.model.BoundingBox.helper(BoundingBox.java:197)
	at edu.luc.etl.cs313.android.shapes.model.BoundingBox.helper(BoundingBox.java:197)
	at edu.luc.etl.cs313.android.shapes.model.BoundingBox.helper(BoundingBox.java:197)
	at edu.luc.etl.cs313.android.shapes.model.BoundingBox.helper(BoundingBox.java:197)
	at edu.luc.etl.cs313.android.shapes.model.BoundingBox.helper(BoundingBox.java:197)
	at edu.luc.etl.cs313.android.shapes.model.BoundingBox.helper(BoundingBox.java:197)
	at edu.luc.etl.cs313.android.shapes.model.BoundingBox.helper(BoundingBox.java:197)
	at edu.luc.etl.cs313.android.shapes.model.BoundingBox.helper(BoundingBox.java:197)
	at edu.luc.etl.cs313.android.shapes.model.BoundingBox.helper(BoundingBox.java:197)
	at edu.luc.etl.cs313.android.shapes.model.BoundingBox.helper(BoundingBox.java:197)
	at edu.luc.etl.cs313.android.shapes.model.BoundingBox.helper(BoundingBox.java:197)
	at edu.luc.etl.cs313.android.shapes.model.BoundingBox.helper(BoundingBox.java:197)
	at edu.luc.etl.cs313.android.shapes.model.BoundingBox.helper(BoundingBox.java:197)
	at edu.luc.etl.cs313.android.shapes.model.BoundingBox.helper(BoundingBox.java:197)
	at edu.luc.etl.cs313.android.shapes.model.BoundingBox.helper(BoundingBox.java:197)
	at edu.luc.etl.cs313.android.shapes.model.BoundingBox.helper(BoundingBox.java:197)
	at edu.luc.etl.cs313.android.shapes.model.BoundingBox.helper(BoundingBox.java:197)
	at edu.luc.etl.cs313.android.shapes.model.BoundingBox.helper(BoundingBox.java:197)
	at edu.luc.etl.cs313.android.shapes.model.BoundingBox.helper(BoundingBox.java:197)
	at edu.luc.etl.cs313.android.shapes.model.BoundingBox.helper(BoundingBox.java:197)
	at edu.luc.etl.cs313.android.shapes.model.BoundingBox.helper(BoundingBox.java:197)
	at edu.luc.etl.cs313.android.shapes.model.BoundingBox.helper(BoundingBox.java:197)
	at edu.luc.etl.cs313.android.shapes.model.BoundingBox.helper(BoundingBox.java:197)
	at edu.luc.etl.cs313.android.shapes.model.BoundingBox.helper(BoundingBox.java:197)
	at edu.luc.etl.cs313.android.shapes.model.BoundingBox.helper(BoundingBox.java:197)
	at edu.luc.etl.cs313.android.shapes.model.BoundingBox.helper(BoundingBox.java:197)
	at edu.luc.etl.cs313.android.shapes.model.BoundingBox.helper(BoundingBox.java:197)
	at edu.luc.etl.cs313.android.shapes.model.BoundingBox.helper(BoundingBox.java:197)
	at edu.luc.etl.cs313.android.shapes.model.BoundingBox.helper(BoundingBox.java:197)
	at edu.luc.etl.cs313.android.shapes.model.BoundingBox.helper(BoundingBox.java:197)
	at edu.luc.etl.cs313.android.shapes.model.BoundingBox.helper(BoundingBox.java:197)
	at edu.luc.etl.cs313.android.shapes.model.BoundingBox.helper(BoundingBox.java:197)
	at edu.luc.etl.cs313.android.shapes.model.BoundingBox.helper(BoundingBox.java:197)
	at edu.luc.etl.cs313.android.shapes.model.BoundingBox.helper(BoundingBox.java:197)
	at edu.luc.etl.cs313.android.shapes.model.BoundingBox.helper(BoundingBox.java:197)
	at edu.luc.etl.cs313.android.shapes.model.BoundingBox.helper(BoundingBox.java:197)
	at edu.luc.etl.cs313.android.shapes.model.BoundingBox.helper(BoundingBox.java:197)
	at edu.luc.etl.cs313.android.shapes.model.BoundingBox.helper(BoundingBox.java:197)
	at edu.luc.etl.cs313.android.shapes.model.BoundingBox.helper(BoundingBox.java:197)
	at edu.luc.etl.cs313.android.shapes.model.BoundingBox.helper(BoundingBox.java:197)
	at edu.luc.etl.cs313.android.shapes.model.BoundingBox.helper(BoundingBox.java:197)
	at edu.luc.etl.cs313.android.shapes.model.BoundingBox.helper(BoundingBox.java:197)
	at edu.luc.etl.cs313.android.shapes.model.BoundingBox.helper(BoundingBox.java:197)
	at edu.luc.etl.cs313.android.shapes.model.BoundingBox.helper(BoundingBox.java:197)
	at edu.luc.etl.cs313.android.shapes.model.BoundingBox.helper(BoundingBox.java:197)
	at edu.luc.etl.cs313.android.shapes.model.BoundingBox.helper(BoundingBox.java:197)
	at edu.luc.etl.cs313.android.shapes.model.BoundingBox.helper(BoundingBox.java:197)
	at edu.luc.etl.cs313.android.shapes.model.BoundingBox.helper(BoundingBox.java:197)
	at edu.luc.etl.cs313.android.shapes.model.BoundingBox.helper(BoundingBox.java:197)
	at edu.luc.etl.cs313.android.shapes.model.BoundingBox.helper(BoundingBox.java:197)
	at edu.luc.etl.cs313.android.shapes.model.BoundingBox.helper(BoundingBox.java:197)
	at edu.luc.etl.cs313.android.shapes.model.BoundingBox.helper(BoundingBox.java:197)
	at edu.luc.etl.cs313.android.shapes.model.BoundingBox.helper(BoundingBox.java:197)
	at edu.luc.etl.cs313.android.shapes.model.BoundingBox.helper(BoundingBox.java:197)
	at edu.luc.etl.cs313.android.shapes.model.BoundingBox.helper(BoundingBox.java:197)
	at edu.luc.etl.cs313.android.shapes.model.BoundingBox.helper(BoundingBox.java:197)
	at edu.luc.etl.cs313.android.shapes.model.BoundingBox.helper(BoundingBox.java:197)
	at edu.luc.etl.cs313.android.shapes.model.BoundingBox.helper(BoundingBox.java:197)
	at edu.luc.etl.cs313.android.shapes.model.BoundingBox.helper(BoundingBox.java:197)
	at edu.luc.etl.cs313.android.shapes.model.BoundingBox.helper(BoundingBox.java:197)
	at edu.luc.etl.cs313.android.shapes.model.BoundingBox.helper(BoundingBox.java:197)
	at edu.luc.etl.cs313.android.shapes.model.BoundingBox.helper(BoundingBox.java:197)
	at edu.luc.etl.cs313.android.shapes.model.BoundingBox.helper(BoundingBox.java:197)
	at edu.luc.etl.cs313.android.shapes.model.BoundingBox.helper(BoundingBox.java:197)
	at edu.luc.etl.cs313.android.shapes.model.BoundingBox.helper(BoundingBox.java:197)
	at edu.luc.etl.cs313.android.shapes.model.BoundingBox.helper(BoundingBox.java:197)
	at edu.luc.etl.cs313.android.shapes.model.BoundingBox.helper(BoundingBox.java:197)
	at edu.luc.etl.cs313.android.shapes.model.BoundingBox.helper(BoundingBox.java:197)
	at edu.luc.etl.cs313.android.shapes.model.BoundingBox.helper(BoundingBox.java:197)
	at edu.luc.etl.cs313.android.shapes.model.BoundingBox.helper(BoundingBox.java:197)
	at edu.luc.etl.cs313.android.shapes.model.BoundingBox.helper(BoundingBox.java:197)
	at edu.luc.etl.cs313.android.shapes.model.BoundingBox.helper(BoundingBox.java:197)
	at edu.luc.etl.cs313.android.shapes.model.BoundingBox.helper(BoundingBox.java:197)
	at edu.luc.etl.cs313.android.shapes.model.BoundingBox.helper(BoundingBox.java:197)
	at edu.luc.etl.cs313.android.shapes.model.BoundingBox.helper(BoundingBox.java:197)
	at edu.luc.etl.cs313.android.shapes.model.BoundingBox.helper(BoundingBox.java:197)
	at edu.luc.etl.cs313.android.shapes.model.BoundingBox.helper(BoundingBox.java:197)
	at edu.luc.etl.cs313.android.shapes.model.BoundingBox.helper(BoundingBox.java:197)
	at edu.luc.etl.cs313.android.shapes.model.BoundingBox.helper(BoundingBox.java:197)
	at edu.luc.etl.cs313.android.shapes.model.BoundingBox.helper(BoundingBox.java:197)
	at edu.luc.etl.cs313.android.shapes.model.BoundingBox.helper(BoundingBox.java:197)
	at edu.luc.etl.cs313.android.shapes.model.BoundingBox.helper(BoundingBox.java:197)
	at edu.luc.etl.cs313.android.shapes.model.BoundingBox.helper(BoundingBox.java:197)
	at edu.luc.etl.cs313.android.shapes.model.BoundingBox.helper(BoundingBox.java:197)
	at edu.luc.etl.cs313.android.shapes.model.BoundingBox.helper(BoundingBox.java:197)
	at edu.luc.etl.cs313.android.shapes.model.BoundingBox.helper(BoundingBox.java:197)
	at edu.luc.etl.cs313.android.shapes.model.BoundingBox.helper(BoundingBox.java:197)
	at edu.luc.etl.cs313.android.shapes.model.BoundingBox.helper(BoundingBox.java:197)
	at edu.luc.etl.cs313.android.shapes.model.BoundingBox.helper(BoundingBox.java:197)
	at edu.luc.etl.cs313.android.shapes.model.BoundingBox.helper(BoundingBox.java:197)
	at edu.luc.etl.cs313.android.shapes.model.BoundingBox.helper(BoundingBox.java:197)
	at edu.luc.etl.cs313.android.shapes.model.BoundingBox.helper(BoundingBox.java:197)
	at edu.luc.etl.cs313.android.shapes.model.BoundingBox.helper(BoundingBox.java:197)
	at edu.luc.etl.cs313.android.shapes.model.BoundingBox.helper(BoundingBox.java:197)
	at edu.luc.etl.cs313.android.shapes.model.BoundingBox.helper(BoundingBox.java:197)
	at edu.luc.etl.cs313.android.shapes.model.BoundingBox.helper(BoundingBox.java:197)
	at edu.luc.etl.cs313.android.shapes.model.BoundingBox.helper(BoundingBox.java:197)
	at edu.luc.etl.cs313.android.shapes.model.BoundingBox.helper(BoundingBox.java:197)
	at edu.luc.etl.cs313.android.shapes.model.BoundingBox.helper(BoundingBox.java:197)
	at edu.luc.etl.cs313.android.shapes.model.BoundingBox.helper(BoundingBox.java:197)
	at edu.luc.etl.cs313.android.shapes.model.BoundingBox.helper(BoundingBox.java:197)
	at edu.luc.etl.cs313.android.shapes.model.BoundingBox.helper(BoundingBox.java:197)
	at edu.luc.etl.cs313.android.shapes.model.BoundingBox.helper(BoundingBox.java:197)
	at edu.luc.etl.cs313.android.shapes.model.BoundingBox.helper(BoundingBox.java:197)
	at edu.luc.etl.cs313.android.shapes.model.BoundingBox.helper(BoundingBox.java:197)
	at edu.luc.etl.cs313.android.shapes.model.BoundingBox.helper(BoundingBox.java:197)
	at edu.luc.etl.cs313.android.shapes.model.BoundingBox.helper(BoundingBox.java:197)
	at edu.luc.etl.cs313.android.shapes.model.BoundingBox.helper(BoundingBox.java:197)
	at edu.luc.etl.cs313.android.shapes.model.BoundingBox.helper(BoundingBox.java:197)
	at edu.luc.etl.cs313.android.shapes.model.BoundingBox.helper(BoundingBox.java:197)
	at edu.luc.etl.cs313.android.shapes.model.BoundingBox.helper(BoundingBox.java:197)
	at edu.luc.etl.cs313.android.shapes.model.BoundingBox.helper(BoundingBox.java:197)
	at edu.luc.etl.cs313.android.shapes.model.BoundingBox.helper(BoundingBox.java:197)
	at edu.luc.etl.cs313.android.shapes.model.BoundingBox.helper(BoundingBox.java:197)
	at edu.luc.etl.cs313.android.shapes.model.BoundingBox.helper(BoundingBox.java:197)
	at edu.luc.etl.cs313.android.shapes.model.BoundingBox.helper(BoundingBox.java:197)
	at edu.luc.etl.cs313.android.shapes.model.BoundingBox.helper(BoundingBox.java:197)
	at edu.luc.etl.cs313.android.shapes.model.BoundingBox.helper(BoundingBox.java:197)
	at edu.luc.etl.cs313.android.shapes.model.BoundingBox.helper(BoundingBox.java:197)
	at edu.luc.etl.cs313.android.shapes.model.BoundingBox.helper(BoundingBox.java:197)
	at edu.luc.etl.cs313.android.shapes.model.BoundingBox.helper(BoundingBox.java:197)
	at edu.luc.etl.cs313.android.shapes.model.BoundingBox.helper(BoundingBox.java:197)
	at edu.luc.etl.cs313.android.shapes.model.BoundingBox.helper(BoundingBox.java:197)
	at edu.luc.etl.cs313.android.shapes.model.BoundingBox.helper(BoundingBox.java:197)
	at edu.luc.etl.cs313.android.shapes.model.BoundingBox.helper(BoundingBox.java:197)
	at edu.luc.etl.cs313.android.shapes.model.BoundingBox.helper(BoundingBox.java:197)
	at edu.luc.etl.cs313.android.shapes.model.BoundingBox.helper(BoundingBox.java:197)
	at edu.luc.etl.cs313.android.shapes.model.BoundingBox.helper(BoundingBox.java:197)
	at edu.luc.etl.cs313.android.shapes.model.BoundingBox.helper(BoundingBox.java:197)
	at edu.luc.etl.cs313.android.shapes.model.BoundingBox.helper(BoundingBox.java:197)
	at edu.luc.etl.cs313.android.shapes.model.BoundingBox.helper(BoundingBox.java:197)
	at edu.luc.etl.cs313.android.shapes.model.BoundingBox.helper(BoundingBox.java:197)
	at edu.luc.etl.cs313.android.shapes.model.BoundingBox.helper(BoundingBox.java:197)
	at edu.luc.etl.cs313.android.shapes.model.BoundingBox.helper(BoundingBox.java:197)
	at edu.luc.etl.cs313.android.shapes.model.BoundingBox.helper(BoundingBox.java:197)
	at edu.luc.etl.cs313.android.shapes.model.BoundingBox.helper(BoundingBox.java:197)
	at edu.luc.etl.cs313.android.shapes.model.BoundingBox.helper(BoundingBox.java:197)
	at edu.luc.etl.cs313.android.shapes.model.BoundingBox.helper(BoundingBox.java:197)
	at edu.luc.etl.cs313.android.shapes.model.BoundingBox.helper(BoundingBox.java:197)
	at edu.luc.etl.cs313.android.shapes.model.BoundingBox.helper(BoundingBox.java:197)
	at edu.luc.etl.cs313.android.shapes.model.BoundingBox.helper(BoundingBox.java:197)
	at edu.luc.etl.cs313.android.shapes.model.BoundingBox.helper(BoundingBox.java:197)
	at edu.luc.etl.cs313.android.shapes.model.BoundingBox.helper(BoundingBox.java:197)
	at edu.luc.etl.cs313.android.shapes.model.BoundingBox.helper(BoundingBox.java:197)
	at edu.luc.etl.cs313.android.shapes.model.BoundingBox.helper(BoundingBox.java:197)
	at edu.luc.etl.cs313.android.shapes.model.BoundingBox.helper(BoundingBox.java:197)
	at edu.luc.etl.cs313.android.shapes.model.BoundingBox.helper(BoundingBox.java:197)
	at edu.luc.etl.cs313.android.shapes.model.BoundingBox.helper(BoundingBox.java:197)
	at edu.luc.etl.cs313.android.shapes.model.BoundingBox.helper(BoundingBox.java:197)
	at edu.luc.etl.cs313.android.shapes.model.BoundingBox.helper(BoundingBox.java:197)
	at edu.luc.etl.cs313.android.shapes.model.BoundingBox.helper(BoundingBox.java:197)
	at edu.luc.etl.cs313.android.shapes.model.BoundingBox.helper(BoundingBox.java:197)
	at edu.luc.etl.cs313.android.shapes.model.BoundingBox.helper(BoundingBox.java:197)
	at edu.luc.etl.cs313.android.shapes.model.BoundingBox.helper(BoundingBox.java:197)
	at edu.luc.etl.cs313.android.shapes.model.BoundingBox.helper(BoundingBox.java:197)
	at edu.luc.etl.cs313.android.shapes.model.BoundingBox.helper(BoundingBox.java:197)
	at edu.luc.etl.cs313.android.shapes.model.BoundingBox.helper(BoundingBox.java:197)
	at edu.luc.etl.cs313.android.shapes.model.BoundingBox.helper(BoundingBox.java:197)
	at edu.luc.etl.cs313.android.shapes.model.BoundingBox.helper(BoundingBox.java:197)
	at edu.luc.etl.cs313.android.shapes.model.BoundingBox.helper(BoundingBox.java:197)
	at edu.luc.etl.cs313.android.shapes.model.BoundingBox.helper(BoundingBox.java:197)
	at edu.luc.etl.cs313.android.shapes.model.BoundingBox.helper(BoundingBox.java:197)
	at edu.luc.etl.cs313.android.shapes.model.BoundingBox.helper(BoundingBox.java:197)
	at edu.luc.etl.cs313.android.shapes.model.BoundingBox.helper(BoundingBox.java:197)
	at edu.luc.etl.cs313.android.shapes.model.BoundingBox.helper(BoundingBox.java:197)
	at edu.luc.etl.cs313.android.shapes.model.BoundingBox.helper(BoundingBox.java:197)
	at edu.luc.etl.cs313.android.shapes.model.BoundingBox.helper(BoundingBox.java:197)
	at edu.luc.etl.cs313.android.shapes.model.BoundingBox.helper(BoundingBox.java:197)
	at edu.luc.etl.cs313.android.shapes.model.BoundingBox.helper(BoundingBox.java:197)
	at edu.luc.etl.cs313.android.shapes.model.BoundingBox.helper(BoundingBox.java:197)
	at edu.luc.etl.cs313.android.shapes.model.BoundingBox.helper(BoundingBox.java:197)
	at edu.luc.etl.cs313.android.shapes.model.BoundingBox.helper(BoundingBox.java:197)
	at edu.luc.etl.cs313.android.shapes.model.BoundingBox.helper(BoundingBox.java:197)
	at edu.luc.etl.cs313.android.shapes.model.BoundingBox.helper(BoundingBox.java:197)
	at edu.luc.etl.cs313.android.shapes.model.BoundingBox.helper(BoundingBox.java:197)
	at edu.luc.etl.cs313.android.shapes.model.BoundingBox.helper(BoundingBox.java:197)
	at edu.luc.etl.cs313.android.shapes.model.BoundingBox.helper(BoundingBox.java:197)
	at edu.luc.etl.cs313.android.shapes.model.BoundingBox.helper(BoundingBox.java:197)
	at edu.luc.etl.cs313.android.shapes.model.BoundingBox.helper(BoundingBox.java:197)
	at edu.luc.etl.cs313.android.shapes.model.BoundingBox.helper(BoundingBox.java:197)
	at edu.luc.etl.cs313.android.shapes.model.BoundingBox.helper(BoundingBox.java:197)
	at edu.luc.etl.cs313.android.shapes.model.BoundingBox.helper(BoundingBox.java:197)
	at edu.luc.etl.cs313.android.shapes.model.BoundingBox.helper(BoundingBox.java:197)
	at edu.luc.etl.cs313.android.shapes.model.BoundingBox.helper(BoundingBox.java:197)
	at edu.luc.etl.cs313.android.shapes.model.BoundingBox.helper(BoundingBox.java:197)
	at edu.luc.etl.cs313.android.shapes.model.BoundingBox.helper(BoundingBox.java:197)
	at edu.luc.etl.cs313.android.shapes.model.BoundingBox.helper(BoundingBox.java:197)
	at edu.luc.etl.cs313.android.shapes.model.BoundingBox.helper(BoundingBox.java:197)
	at edu.luc.etl.cs313.android.shapes.model.BoundingBox.helper(BoundingBox.java:197)
	at edu.luc.etl.cs313.android.shapes.model.BoundingBox.helper(BoundingBox.java:197)
	at edu.luc.etl.cs313.android.shapes.model.BoundingBox.helper(BoundingBox.java:197)
	at edu.luc.etl.cs313.android.shapes.model.BoundingBox.helper(BoundingBox.java:197)
	at edu.luc.etl.cs313.android.shapes.model.BoundingBox.helper(BoundingBox.java:197)
	at edu.luc.etl.cs313.android.shapes.model.BoundingBox.helper(BoundingBox.java:197)
	at edu.luc.etl.cs313.android.shapes.model.BoundingBox.helper(BoundingBox.java:197)
	at edu.luc.etl.cs313.android.shapes.model.BoundingBox.helper(BoundingBox.java:197)
	at edu.luc.etl.cs313.android.shapes.model.BoundingBox.helper(BoundingBox.java:197)
	at edu.luc.etl.cs313.android.shapes.model.BoundingBox.helper(BoundingBox.java:197)
	at edu.luc.etl.cs313.android.shapes.model.BoundingBox.helper(BoundingBox.java:197)
	at edu.luc.etl.cs313.android.shapes.model.BoundingBox.helper(BoundingBox.java:197)
	at edu.luc.etl.cs313.android.shapes.model.BoundingBox.helper(BoundingBox.java:197)
	at edu.luc.etl.cs313.android.shapes.model.BoundingBox.helper(BoundingBox.java:197)
	at edu.luc.etl.cs313.android.shapes.model.BoundingBox.helper(BoundingBox.java:197)
	at edu.luc.etl.cs313.android.shapes.model.BoundingBox.helper(BoundingBox.java:197)
	at edu.luc.etl.cs313.android.shapes.model.BoundingBox.helper(BoundingBox.java:197)
	at edu.luc.etl.cs313.android.shapes.model.BoundingBox.helper(BoundingBox.java:197)
	at edu.luc.etl.cs313.android.shapes.model.BoundingBox.helper(BoundingBox.java:197)
	at edu.luc.etl.cs313.android.shapes.model.BoundingBox.helper(BoundingBox.java:197)
	at edu.luc.etl.cs313.android.shapes.model.BoundingBox.helper(BoundingBox.java:197)
	at edu.luc.etl.cs313.android.shapes.model.BoundingBox.helper(BoundingBox.java:197)
	at edu.luc.etl.cs313.android.shapes.model.BoundingBox.helper(BoundingBox.java:197)
	at edu.luc.etl.cs313.android.shapes.model.BoundingBox.helper(BoundingBox.java:197)
	at edu.luc.etl.cs313.android.shapes.model.BoundingBox.helper(BoundingBox.java:197)
	at edu.luc.etl.cs313.android.shapes.model.BoundingBox.helper(BoundingBox.java:197)
	at edu.luc.etl.cs313.android.shapes.model.BoundingBox.helper(BoundingBox.java:197)
	at edu.luc.etl.cs313.android.shapes.model.BoundingBox.helper(BoundingBox.java:197)
	at edu.luc.etl.cs313.android.shapes.model.BoundingBox.helper(BoundingBox.java:197)
	at edu.luc.etl.cs313.android.shapes.model.BoundingBox.helper(BoundingBox.java:197)
	at edu.luc.etl.cs313.android.shapes.model.BoundingBox.helper(BoundingBox.java:197)
	at edu.luc.etl.cs313.android.shapes.model.BoundingBox.helper(BoundingBox.java:197)
	at edu.luc.etl.cs313.android.shapes.model.BoundingBox.helper(BoundingBox.java:197)
	at edu.luc.etl.cs313.android.shapes.model.BoundingBox.helper(BoundingBox.java:197)
	at edu.luc.etl.cs313.android.shapes.model.BoundingBox.helper(BoundingBox.java:197)
	at edu.luc.etl.cs313.android.shapes.model.BoundingBox.helper(BoundingBox.java:197)
	at edu.luc.etl.cs313.android.shapes.model.BoundingBox.helper(BoundingBox.java:197)
	at edu.luc.etl.cs313.android.shapes.model.BoundingBox.helper(BoundingBox.java:197)
	at edu.luc.etl.cs313.android.shapes.model.BoundingBox.helper(BoundingBox.java:197)
	at edu.luc.etl.cs313.android.shapes.model.BoundingBox.helper(BoundingBox.java:197)
	at edu.luc.etl.cs313.android.shapes.model.BoundingBox.helper(BoundingBox.java:197)
	at edu.luc.etl.cs313.android.shapes.model.BoundingBox.helper(BoundingBox.java:197)
	at edu.luc.etl.cs313.android.shapes.model.BoundingBox.helper(BoundingBox.java:197)
	at edu.luc.etl.cs313.android.shapes.model.BoundingBox.helper(BoundingBox.java:197)
	at edu.luc.etl.cs313.android.shapes.model.BoundingBox.helper(BoundingBox.java:197)
	at edu.luc.etl.cs313.android.shapes.model.BoundingBox.helper(BoundingBox.java:197)
	at edu.luc.etl.cs313.android.shapes.model.BoundingBox.helper(BoundingBox.java:197)
	at edu.luc.etl.cs313.android.shapes.model.BoundingBox.helper(BoundingBox.java:197)
	at edu.luc.etl.cs313.android.shapes.model.BoundingBox.helper(BoundingBox.java:197)
	at edu.luc.etl.cs313.android.shapes.model.BoundingBox.helper(BoundingBox.java:197)
	at edu.luc.etl.cs313.android.shapes.model.BoundingBox.helper(BoundingBox.java:197)
	at edu.luc.etl.cs313.android.shapes.model.BoundingBox.helper(BoundingBox.java:197)
	at edu.luc.etl.cs313.android.shapes.model.BoundingBox.helper(BoundingBox.java:197)
	at edu.luc.etl.cs313.android.shapes.model.BoundingBox.helper(BoundingBox.java:197)
	at edu.luc.etl.cs313.android.shapes.model.BoundingBox.helper(BoundingBox.java:197)
	at edu.luc.etl.cs313.android.shapes.model.BoundingBox.helper(BoundingBox.java:197)
	at edu.luc.etl.cs313.android.shapes.model.BoundingBox.helper(BoundingBox.java:197)
	at edu.luc.etl.cs313.android.shapes.model.BoundingBox.helper(BoundingBox.java:197)
	at edu.luc.etl.cs313.android.shapes.model.BoundingBox.helper(BoundingBox.java:197)
	at edu.luc.etl.cs313.android.shapes.model.BoundingBox.helper(BoundingBox.java:197)
	at edu.luc.etl.cs313.android.shapes.model.BoundingBox.helper(BoundingBox.java:197)
	at edu.luc.etl.cs313.android.shapes.model.BoundingBox.helper(BoundingBox.java:197)
	at edu.luc.etl.cs313.android.shapes.model.BoundingBox.helper(BoundingBox.java:197)
	at edu.luc.etl.cs313.android.shapes.model.BoundingBox.helper(BoundingBox.java:197)
	at edu.luc.etl.cs313.android.shapes.model.BoundingBox.helper(BoundingBox.java:197)
	at edu.luc.etl.cs313.android.shapes.model.BoundingBox.helper(BoundingBox.java:197)
	at edu.luc.etl.cs313.android.shapes.model.BoundingBox.helper(BoundingBox.java:197)
	at edu.luc.etl.cs313.android.shapes.model.BoundingBox.helper(BoundingBox.java:197)
	at edu.luc.etl.cs313.android.shapes.model.BoundingBox.helper(BoundingBox.java:197)
	at edu.luc.etl.cs313.android.shapes.model.BoundingBox.helper(BoundingBox.java:197)
	at edu.luc.etl.cs313.android.shapes.model.BoundingBox.helper(BoundingBox.java:197)
	at edu.luc.etl.cs313.android.shapes.model.BoundingBox.helper(BoundingBox.java:197)
	at edu.luc.etl.cs313.android.shapes.model.BoundingBox.helper(BoundingBox.java:197)
	at edu.luc.etl.cs313.android.shapes.model.BoundingBox.helper(BoundingBox.java:197)
	at edu.luc.etl.cs313.android.shapes.model.BoundingBox.helper(BoundingBox.java:197)
	at edu.luc.etl.cs313.android.shapes.model.BoundingBox.helper(BoundingBox.java:197)
	at edu.luc.etl.cs313.android.shapes.model.BoundingBox.helper(BoundingBox.java:197)
	at edu.luc.etl.cs313.android.shapes.model.BoundingBox.helper(BoundingBox.java:197)
	at edu.luc.etl.cs313.android.shapes.model.BoundingBox.helper(BoundingBox.java:197)
	at edu.luc.etl.cs313.android.shapes.model.BoundingBox.helper(BoundingBox.java:197)
	at edu.luc.etl.cs313.android.shapes.model.BoundingBox.helper(BoundingBox.java:197)
	at edu.luc.etl.cs313.android.shapes.model.BoundingBox.helper(BoundingBox.java:197)
	at edu.luc.etl.cs313.android.shapes.model.BoundingBox.helper(BoundingBox.java:197)
	at edu.luc.etl.cs313.android.shapes.model.BoundingBox.helper(BoundingBox.java:197)
	at edu.luc.etl.cs313.android.shapes.model.BoundingBox.helper(BoundingBox.java:197)
	at edu.luc.etl.cs313.android.shapes.model.BoundingBox.helper(BoundingBox.java:197)
	at edu.luc.etl.cs313.android.shapes.model.BoundingBox.helper(BoundingBox.java:197)
	at edu.luc.etl.cs313.android.shapes.model.BoundingBox.helper(BoundingBox.java:197)
	at edu.luc.etl.cs313.android.shapes.model.BoundingBox.helper(BoundingBox.java:197)
	at edu.luc.etl.cs313.android.shapes.model.BoundingBox.helper(BoundingBox.java:197)
	at edu.luc.etl.cs313.android.shapes.model.BoundingBox.helper(BoundingBox.java:197)
	at edu.luc.etl.cs313.android.shapes.model.BoundingBox.helper(BoundingBox.java:197)
	at edu.luc.etl.cs313.android.shapes.model.BoundingBox.helper(BoundingBox.java:197)
	at edu.luc.etl.cs313.android.shapes.model.BoundingBox.helper(BoundingBox.java:197)
	at edu.luc.etl.cs313.android.shapes.model.BoundingBox.helper(BoundingBox.java:197)
	at edu.luc.etl.cs313.android.shapes.model.BoundingBox.helper(BoundingBox.java:197)
	at edu.luc.etl.cs313.android.shapes.model.BoundingBox.helper(BoundingBox.java:197)
	at edu.luc.etl.cs313.android.shapes.model.BoundingBox.helper(BoundingBox.java:197)
	at edu.luc.etl.cs313.android.shapes.model.BoundingBox.helper(BoundingBox.java:197)
	at edu.luc.etl.cs313.android.shapes.model.BoundingBox.helper(BoundingBox.java:197)
	at edu.luc.etl.cs313.android.shapes.model.BoundingBox.helper(BoundingBox.java:197)
	at edu.luc.etl.cs313.android.shapes.model.BoundingBox.helper(BoundingBox.java:197)
	at edu.luc.etl.cs313.android.shapes.model.BoundingBox.helper(BoundingBox.java:197)
	at edu.luc.etl.cs313.android.shapes.model.BoundingBox.helper(BoundingBox.java:197)
	at edu.luc.etl.cs313.android.shapes.model.BoundingBox.helper(BoundingBox.java:197)
	at edu.luc.etl.cs313.android.shapes.model.BoundingBox.helper(BoundingBox.java:197)
	at edu.luc.etl.cs313.android.shapes.model.BoundingBox.helper(BoundingBox.java:197)
	at edu.luc.etl.cs313.android.shapes.model.BoundingBox.helper(BoundingBox.java:197)
	at edu.luc.etl.cs313.android.shapes.model.BoundingBox.helper(BoundingBox.java:197)
	at edu.luc.etl.cs313.android.shapes.model.BoundingBox.helper(BoundingBox.java:197)
	at edu.luc.etl.cs313.android.shapes.model.BoundingBox.helper(BoundingBox.java:197)
	at edu.luc.etl.cs313.android.shapes.model.BoundingBox.helper(BoundingBox.java:197)
	at edu.luc.etl.cs313.android.shapes.model.BoundingBox.helper(BoundingBox.java:197)
	at edu.luc.etl.cs313.android.shapes.model.BoundingBox.helper(BoundingBox.java:197)
	at edu.luc.etl.cs313.android.shapes.model.BoundingBox.helper(BoundingBox.java:197)
	at edu.luc.etl.cs313.android.shapes.model.BoundingBox.helper(BoundingBox.java:197)
	at edu.luc.etl.cs313.android.shapes.model.BoundingBox.helper(BoundingBox.java:197)
	at edu.luc.etl.cs313.android.shapes.model.BoundingBox.helper(BoundingBox.java:197)
	at edu.luc.etl.cs313.android.shapes.model.BoundingBox.helper(BoundingBox.java:197)
	at edu.luc.etl.cs313.android.shapes.model.BoundingBox.helper(BoundingBox.java:197)
	at edu.luc.etl.cs313.android.shapes.model.BoundingBox.helper(BoundingBox.java:197)
	at edu.luc.etl.cs313.android.shapes.model.BoundingBox.helper(BoundingBox.java:197)
	at edu.luc.etl.cs313.android.shapes.model.BoundingBox.helper(BoundingBox.java:197)
	at edu.luc.etl.cs313.android.shapes.model.BoundingBox.helper(BoundingBox.java:197)
	at edu.luc.etl.cs313.android.shapes.model.BoundingBox.helper(BoundingBox.java:197)
	at edu.luc.etl.cs313.android.shapes.model.BoundingBox.helper(BoundingBox.java:197)
	at edu.luc.etl.cs313.android.shapes.model.BoundingBox.helper(BoundingBox.java:197)
	at edu.luc.etl.cs313.android.shapes.model.BoundingBox.helper(BoundingBox.java:197)
	at edu.luc.etl.cs313.android.shapes.model.BoundingBox.helper(BoundingBox.java:197)
	at edu.luc.etl.cs313.android.shapes.model.BoundingBox.helper(BoundingBox.java:197)
	at edu.luc.etl.cs313.android.shapes.model.BoundingBox.helper(BoundingBox.java:197)
	at edu.luc.etl.cs313.android.shapes.model.BoundingBox.helper(BoundingBox.java:197)
	at edu.luc.etl.cs313.android.shapes.model.BoundingBox.helper(BoundingBox.java:197)
	at edu.luc.etl.cs313.android.shapes.model.BoundingBox.helper(BoundingBox.java:197)
	at edu.luc.etl.cs313.android.shapes.model.BoundingBox.helper(BoundingBox.java:197)
	at edu.luc.etl.cs313.android.shapes.model.BoundingBox.helper(BoundingBox.java:197)
	at edu.luc.etl.cs313.android.shapes.model.BoundingBox.helper(BoundingBox.java:197)
	at edu.luc.etl.cs313.android.shapes.model.BoundingBox.helper(BoundingBox.java:197)
	at edu.luc.etl.cs313.android.shapes.model.BoundingBox.helper(BoundingBox.java:197)
	at edu.luc.etl.cs313.android.shapes.model.BoundingBox.helper(BoundingBox.java:197)
	at edu.luc.etl.cs313.android.shapes.model.BoundingBox.helper(BoundingBox.java:197)
	at edu.luc.etl.cs313.android.shapes.model.BoundingBox.helper(BoundingBox.java:197)
	at edu.luc.etl.cs313.android.shapes.model.BoundingBox.helper(BoundingBox.java:197)
	at edu.luc.etl.cs313.android.shapes.model.BoundingBox.helper(BoundingBox.java:197)
	at edu.luc.etl.cs313.android.shapes.model.BoundingBox.helper(BoundingBox.java:197)
	at edu.luc.etl.cs313.android.shapes.model.BoundingBox.helper(BoundingBox.java:197)
	at edu.luc.etl.cs313.android.shapes.model.BoundingBox.helper(BoundingBox.java:197)
	at edu.luc.etl.cs313.android.shapes.model.BoundingBox.helper(BoundingBox.java:197)
	at edu.luc.etl.cs313.android.shapes.model.BoundingBox.helper(BoundingBox.java:197)
	at edu.luc.etl.cs313.android.shapes.model.BoundingBox.helper(BoundingBox.java:197)
	at edu.luc.etl.cs313.android.shapes.model.BoundingBox.helper(BoundingBox.java:197)
	at edu.luc.etl.cs313.android.shapes.model.BoundingBox.helper(BoundingBox.java:197)
	at edu.luc.etl.cs313.android.shapes.model.BoundingBox.helper(BoundingBox.java:197)
	at edu.luc.etl.cs313.android.shapes.model.BoundingBox.helper(BoundingBox.java:197)
	at edu.luc.etl.cs313.android.shapes.model.BoundingBox.helper(BoundingBox.java:197)
	at edu.luc.etl.cs313.android.shapes.model.BoundingBox.helper(BoundingBox.java:197)
	at edu.luc.etl.cs313.android.shapes.model.BoundingBox.helper(BoundingBox.java:197)
	at edu.luc.etl.cs313.android.shapes.model.BoundingBox.helper(BoundingBox.java:197)
	at edu.luc.etl.cs313.android.shapes.model.BoundingBox.helper(BoundingBox.java:197)
	at edu.luc.etl.cs313.android.shapes.model.BoundingBox.helper(BoundingBox.java:197)
	at edu.luc.etl.cs313.android.shapes.model.BoundingBox.helper(BoundingBox.java:197)
	at edu.luc.etl.cs313.android.shapes.model.BoundingBox.helper(BoundingBox.java:197)
	at edu.luc.etl.cs313.android.shapes.model.BoundingBox.helper(BoundingBox.java:197)
	at edu.luc.etl.cs313.android.shapes.model.BoundingBox.helper(BoundingBox.java:197)
	at edu.luc.etl.cs313.android.shapes.model.BoundingBox.helper(BoundingBox.java:197)
	at edu.luc.etl.cs313.android.shapes.model.BoundingBox.helper(BoundingBox.java:197)
	at edu.luc.etl.cs313.android.shapes.model.BoundingBox.helper(BoundingBox.java:197)
	at edu.luc.etl.cs313.android.shapes.model.BoundingBox.helper(BoundingBox.java:197)
	at edu.luc.etl.cs313.android.shapes.model.BoundingBox.helper(BoundingBox.java:197)
	at edu.luc.etl.cs313.android.shapes.model.BoundingBox.helper(BoundingBox.java:197)
	at edu.luc.etl.cs313.android.shapes.model.BoundingBox.helper(BoundingBox.java:197)
	at edu.luc.etl.cs313.android.shapes.model.BoundingBox.helper(BoundingBox.java:197)
	at edu.luc.etl.cs313.android.shapes.model.BoundingBox.helper(BoundingBox.java:197)
	at edu.luc.etl.cs313.android.shapes.model.BoundingBox.helper(BoundingBox.java:197)
	at edu.luc.etl.cs313.android.shapes.model.BoundingBox.helper(BoundingBox.java:197)
	at edu.luc.etl.cs313.android.shapes.model.BoundingBox.helper(BoundingBox.java:197)
	at edu.luc.etl.cs313.android.shapes.model.BoundingBox.helper(BoundingBox.java:197)
	at edu.luc.etl.cs313.android.shapes.model.BoundingBox.helper(BoundingBox.java:197)
	at edu.luc.etl.cs313.android.shapes.model.BoundingBox.helper(BoundingBox.java:197)
	at edu.luc.etl.cs313.android.shapes.model.BoundingBox.helper(BoundingBox.java:197)
	at edu.luc.etl.cs313.android.shapes.model.BoundingBox.helper(BoundingBox.java:197)
	at edu.luc.etl.cs313.android.shapes.model.BoundingBox.helper(BoundingBox.java:197)
	at edu.luc.etl.cs313.android.shapes.model.BoundingBox.helper(BoundingBox.java:197)
	at edu.luc.etl.cs313.android.shapes.model.BoundingBox.helper(BoundingBox.java:197)
	at edu.luc.etl.cs313.android.shapes.model.BoundingBox.helper(BoundingBox.java:197)
	at edu.luc.etl.cs313.android.shapes.model.BoundingBox.helper(BoundingBox.java:197)
	at edu.luc.etl.cs313.android.shapes.model.BoundingBox.helper(BoundingBox.java:197)
	at edu.luc.etl.cs313.android.shapes.model.BoundingBox.helper(BoundingBox.java:197)
	at edu.luc.etl.cs313.android.shapes.model.BoundingBox.helper(BoundingBox.java:197)
	at edu.luc.etl.cs313.android.shapes.model.BoundingBox.helper(BoundingBox.java:197)
	at edu.luc.etl.cs313.android.shapes.model.BoundingBox.helper(BoundingBox.java:197)
	at edu.luc.etl.cs313.android.shapes.model.BoundingBox.helper(BoundingBox.java:197)
	at edu.luc.etl.cs313.android.shapes.model.BoundingBox.helper(BoundingBox.java:197)
	at edu.luc.etl.cs313.android.shapes.model.BoundingBox.helper(BoundingBox.java:197)
	at edu.luc.etl.cs313.android.shapes.model.BoundingBox.helper(BoundingBox.java:197)
	at edu.luc.etl.cs313.android.shapes.model.BoundingBox.helper(BoundingBox.java:197)
	at edu.luc.etl.cs313.android.shapes.model.BoundingBox.helper(BoundingBox.java:197)
	at edu.luc.etl.cs313.android.shapes.model.BoundingBox.helper(BoundingBox.java:197)
	at edu.luc.etl.cs313.android.shapes.model.BoundingBox.helper(BoundingBox.java:197)
	at edu.luc.etl.cs313.android.shapes.model.BoundingBox.helper(BoundingBox.java:197)
	at edu.luc.etl.cs313.android.shapes.model.BoundingBox.helper(BoundingBox.java:197)
	at edu.luc.etl.cs313.android.shapes.model.BoundingBox.helper(BoundingBox.java:197)
	at edu.luc.etl.cs313.android.shapes.model.BoundingBox.helper(BoundingBox.java:197)
	at edu.luc.etl.cs313.android.shapes.model.BoundingBox.helper(BoundingBox.java:197)
	at edu.luc.etl.cs313.android.shapes.model.BoundingBox.helper(BoundingBox.java:197)
	at edu.luc.etl.cs313.android.shapes.model.BoundingBox.helper(BoundingBox.java:197)
	at edu.luc.etl.cs313.android.shapes.model.BoundingBox.helper(BoundingBox.java:197)
	at edu.luc.etl.cs313.android.shapes.model.BoundingBox.helper(BoundingBox.java:197)
	at edu.luc.etl.cs313.android.shapes.model.BoundingBox.helper(BoundingBox.java:197)
	at edu.luc.etl.cs313.android.shapes.model.BoundingBox.helper(BoundingBox.java:197)
	at edu.luc.etl.cs313.android.shapes.model.BoundingBox.helper(BoundingBox.java:197)
	at edu.luc.etl.cs313.android.shapes.model.BoundingBox.helper(BoundingBox.java:197)
	at edu.luc.etl.cs313.android.shapes.model.BoundingBox.helper(BoundingBox.java:197)
	at edu.luc.etl.cs313.android.shapes.model.BoundingBox.helper(BoundingBox.java:197)
	at edu.luc.etl.cs313.android.shapes.model.BoundingBox.helper(BoundingBox.java:197)
	at edu.luc.etl.cs313.android.shapes.model.BoundingBox.helper(BoundingBox.java:197)
	at edu.luc.etl.cs313.android.shapes.model.BoundingBox.helper(BoundingBox.java:197)
	at edu.luc.etl.cs313.android.shapes.model.BoundingBox.helper(BoundingBox.java:197)
	at edu.luc.etl.cs313.android.shapes.model.BoundingBox.helper(BoundingBox.java:197)
	at edu.luc.etl.cs313.android.shapes.model.BoundingBox.helper(BoundingBox.java:197)
	at edu.luc.etl.cs313.android.shapes.model.BoundingBox.helper(BoundingBox.java:197)
	at edu.luc.etl.cs313.android.shapes.model.BoundingBox.helper(BoundingBox.java:197)
	at edu.luc.etl.cs313.android.shapes.model.BoundingBox.helper(BoundingBox.java:197)
	at edu.luc.etl.cs313.android.shapes.model.BoundingBox.helper(BoundingBox.java:197)
	at edu.luc.etl.cs313.android.shapes.model.BoundingBox.helper(BoundingBox.java:197)
	at edu.luc.etl.cs313.android.shapes.model.BoundingBox.helper(BoundingBox.java:197)
	at edu.luc.etl.cs313.android.shapes.model.BoundingBox.helper(BoundingBox.java:197)
	at edu.luc.etl.cs313.android.shapes.model.BoundingBox.helper(BoundingBox.java:197)
	at edu.luc.etl.cs313.android.shapes.model.BoundingBox.helper(BoundingBox.java:197)
	at edu.luc.etl.cs313.android.shapes.model.BoundingBox.helper(BoundingBox.java:197)
	at edu.luc.etl.cs313.android.shapes.model.BoundingBox.helper(BoundingBox.java:197)
	at edu.luc.etl.cs313.android.shapes.model.BoundingBox.helper(BoundingBox.java:197)
	at edu.luc.etl.cs313.android.shapes.model.BoundingBox.helper(BoundingBox.java:197)
	at edu.luc.etl.cs313.android.shapes.model.BoundingBox.helper(BoundingBox.java:197)
	at edu.luc.etl.cs313.android.shapes.model.BoundingBox.helper(BoundingBox.java:197)
	at edu.luc.etl.cs313.android.shapes.model.BoundingBox.helper(BoundingBox.java:197)
	at edu.luc.etl.cs313.android.shapes.model.BoundingBox.helper(BoundingBox.java:197)
	at edu.luc.etl.cs313.android.shapes.model.BoundingBox.helper(BoundingBox.java:197)
	at edu.luc.etl.cs313.android.shapes.model.BoundingBox.helper(BoundingBox.java:197)
	at edu.luc.etl.cs313.android.shapes.model.BoundingBox.helper(BoundingBox.java:197)
	at edu.luc.etl.cs313.android.shapes.model.BoundingBox.helper(BoundingBox.java:197)
	at edu.luc.etl.cs313.android.shapes.model.BoundingBox.helper(BoundingBox.java:197)
	at edu.luc.etl.cs313.android.shapes.model.BoundingBox.helper(BoundingBox.java:197)
	at edu.luc.etl.cs313.android.shapes.model.BoundingBox.helper(BoundingBox.java:197)
	at edu.luc.etl.cs313.android.shapes.model.BoundingBox.helper(BoundingBox.java:197)
	at edu.luc.etl.cs313.android.shapes.model.BoundingBox.helper(BoundingBox.java:197)
	at edu.luc.etl.cs313.android.shapes.model.BoundingBox.helper(BoundingBox.java:197)
	at edu.luc.etl.cs313.android.shapes.model.BoundingBox.helper(BoundingBox.java:197)
	at edu.luc.etl.cs313.android.shapes.model.BoundingBox.helper(BoundingBox.java:197)
	at edu.luc.etl.cs313.android.shapes.model.BoundingBox.helper(BoundingBox.java:197)
	at edu.luc.etl.cs313.android.shapes.model.BoundingBox.helper(BoundingBox.java:197)
	at edu.luc.etl.cs313.android.shapes.model.BoundingBox.helper(BoundingBox.java:197)
	at edu.luc.etl.cs313.android.shapes.model.BoundingBox.helper(BoundingBox.java:197)
	at edu.luc.etl.cs313.android.shapes.model.BoundingBox.helper(BoundingBox.java:197)
	at edu.luc.etl.cs313.android.shapes.model.BoundingBox.helper(BoundingBox.java:197)
	at edu.luc.etl.cs313.android.shapes.model.BoundingBox.helper(BoundingBox.java:197)
	at edu.luc.etl.cs313.android.shapes.model.BoundingBox.helper(BoundingBox.java:197)
	at edu.luc.etl.cs313.android.shapes.model.BoundingBox.helper(BoundingBox.java:197)
	at edu.luc.etl.cs313.android.shapes.model.BoundingBox.helper(BoundingBox.java:197)
	at edu.luc.etl.cs313.android.shapes.model.BoundingBox.helper(BoundingBox.java:197)
	at edu.luc.etl.cs313.android.shapes.model.BoundingBox.helper(BoundingBox.java:197)
	at edu.luc.etl.cs313.android.shapes.model.BoundingBox.helper(BoundingBox.java:197)
	at edu.luc.etl.cs313.android.shapes.model.BoundingBox.helper(BoundingBox.java:197)
	at edu.luc.etl.cs313.android.shapes.model.BoundingBox.helper(BoundingBox.java:197)
	at edu.luc.etl.cs313.android.shapes.model.BoundingBox.helper(BoundingBox.java:197)
	at edu.luc.etl.cs313.android.shapes.model.BoundingBox.helper(BoundingBox.java:197)
	at edu.luc.etl.cs313.android.shapes.model.BoundingBox.helper(BoundingBox.java:197)
	at edu.luc.etl.cs313.android.shapes.model.BoundingBox.helper(BoundingBox.java:197)
	at edu.luc.etl.cs313.android.shapes.model.BoundingBox.helper(BoundingBox.java:197)
	at edu.luc.etl.cs313.android.shapes.model.BoundingBox.helper(BoundingBox.java:197)
	at edu.luc.etl.cs313.android.shapes.model.BoundingBox.helper(BoundingBox.java:197)
	at edu.luc.etl.cs313.android.shapes.model.BoundingBox.helper(BoundingBox.java:197)
	at edu.luc.etl.cs313.android.shapes.model.BoundingBox.helper(BoundingBox.java:197)
	at edu.luc.etl.cs313.android.shapes.model.BoundingBox.helper(BoundingBox.java:197)
	at edu.luc.etl.cs313.android.shapes.model.BoundingBox.helper(BoundingBox.java:197)
	at edu.luc.etl.cs313.android.shapes.model.BoundingBox.helper(BoundingBox.java:197)
	at edu.luc.etl.cs313.android.shapes.model.BoundingBox.helper(BoundingBox.java:197)
	at edu.luc.etl.cs313.android.shapes.model.BoundingBox.helper(BoundingBox.java:197)
	at edu.luc.etl.cs313.android.shapes.model.BoundingBox.helper(BoundingBox.java:197)
	at edu.luc.etl.cs313.android.shapes.model.BoundingBox.helper(BoundingBox.java:197)
	at edu.luc.etl.cs313.android.shapes.model.BoundingBox.helper(BoundingBox.java:197)
	at edu.luc.etl.cs313.android.shapes.model.BoundingBox.helper(BoundingBox.java:197)
	at edu.luc.etl.cs313.android.shapes.model.BoundingBox.helper(BoundingBox.java:197)
	at edu.luc.etl.cs313.android.shapes.model.BoundingBox.helper(BoundingBox.java:197)
	at edu.luc.etl.cs313.android.shapes.model.BoundingBox.helper(BoundingBox.java:197)
	at edu.luc.etl.cs313.android.shapes.model.BoundingBox.helper(BoundingBox.java:197)
	at edu.luc.etl.cs313.android.shapes.model.BoundingBox.helper(BoundingBox.java:197)
	at edu.luc.etl.cs313.android.shapes.model.BoundingBox.helper(BoundingBox.java:197)
	at edu.luc.etl.cs313.android.shapes.model.BoundingBox.helper(BoundingBox.java:197)
	at edu.luc.etl.cs313.android.shapes.model.BoundingBox.helper(BoundingBox.java:197)
	at edu.luc.etl.cs313.android.shapes.model.BoundingBox.helper(BoundingBox.java:197)
	at edu.luc.etl.cs313.android.shapes.model.BoundingBox.helper(BoundingBox.java:197)
	at edu.luc.etl.cs313.android.shapes.model.BoundingBox.helper(BoundingBox.java:197)
	at edu.luc.etl.cs313.android.shapes.model.BoundingBox.helper(BoundingBox.java:197)
	at edu.luc.etl.cs313.android.shapes.model.BoundingBox.helper(BoundingBox.java:197)
	at edu.luc.etl.cs313.android.shapes.model.BoundingBox.helper(BoundingBox.java:197)
	at edu.luc.etl.cs313.android.shapes.model.BoundingBox.helper(BoundingBox.java:197)
	at edu.luc.etl.cs313.android.shapes.model.BoundingBox.helper(BoundingBox.java:197)
	at edu.luc.etl.cs313.android.shapes.model.BoundingBox.helper(BoundingBox.java:197)
	at edu.luc.etl.cs313.android.shapes.model.BoundingBox.helper(BoundingBox.java:197)
	at edu.luc.etl.cs313.android.shapes.model.BoundingBox.helper(BoundingBox.java:197)
	at edu.luc.etl.cs313.android.shapes.model.BoundingBox.helper(BoundingBox.java:197)
	at edu.luc.etl.cs313.android.shapes.model.BoundingBox.helper(BoundingBox.java:197)
	at edu.luc.etl.cs313.android.shapes.model.BoundingBox.helper(BoundingBox.java:197)
	at edu.luc.etl.cs313.android.shapes.model.BoundingBox.helper(BoundingBox.java:197)
	at edu.luc.etl.cs313.android.shapes.model.BoundingBox.helper(BoundingBox.java:197)
	at edu.luc.etl.cs313.android.shapes.model.BoundingBox.helper(BoundingBox.java:197)
	at edu.luc.etl.cs313.android.shapes.model.BoundingBox.helper(BoundingBox.java:197)
	at edu.luc.etl.cs313.android.shapes.model.BoundingBox.helper(BoundingBox.java:197)
	at edu.luc.etl.cs313.android.shapes.model.BoundingBox.helper(BoundingBox.java:197)
	at edu.luc.etl.cs313.android.shapes.model.BoundingBox.helper(BoundingBox.java:197)
	at edu.luc.etl.cs313.android.shapes.model.BoundingBox.helper(BoundingBox.java:197)
	at edu.luc.etl.cs313.android.shapes.model.BoundingBox.helper(BoundingBox.java:197)
	at edu.luc.etl.cs313.android.shapes.model.BoundingBox.helper(BoundingBox.java:197)
	at edu.luc.etl.cs313.android.shapes.model.BoundingBox.helper(BoundingBox.java:197)
	at edu.luc.etl.cs313.android.shapes.model.BoundingBox.helper(BoundingBox.java:197)
	at edu.luc.etl.cs313.android.shapes.model.BoundingBox.helper(BoundingBox.java:197)
	at edu.luc.etl.cs313.android.shapes.model.BoundingBox.helper(BoundingBox.java:197)
	at edu.luc.etl.cs313.android.shapes.model.BoundingBox.helper(BoundingBox.java:197)
	at edu.luc.etl.cs313.android.shapes.model.BoundingBox.helper(BoundingBox.java:197)
	at edu.luc.etl.cs313.android.shapes.model.BoundingBox.helper(BoundingBox.java:197)
	at edu.luc.etl.cs313.android.shapes.model.BoundingBox.helper(BoundingBox.java:197)
	at edu.luc.etl.cs313.android.shapes.model.BoundingBox.helper(BoundingBox.java:197)
	at edu.luc.etl.cs313.android.shapes.model.BoundingBox.helper(BoundingBox.java:197)
	at edu.luc.etl.cs313.android.shapes.model.BoundingBox.helper(BoundingBox.java:197)
	at edu.luc.etl.cs313.android.shapes.model.BoundingBox.helper(BoundingBox.java:197)
	at edu.luc.etl.cs313.android.shapes.model.BoundingBox.helper(BoundingBox.java:197)
	at edu.luc.etl.cs313.android.shapes.model.BoundingBox.helper(BoundingBox.java:197)
	at edu.luc.etl.cs313.android.shapes.model.BoundingBox.helper(BoundingBox.java:197)
	at edu.luc.etl.cs313.android.shapes.model.BoundingBox.helper(BoundingBox.java:197)
	at edu.luc.etl.cs313.android.shapes.model.BoundingBox.helper(BoundingBox.java:197)
	at edu.luc.etl.cs313.android.shapes.model.BoundingBox.helper(BoundingBox.java:197)
	at edu.luc.etl.cs313.android.shapes.model.BoundingBox.helper(BoundingBox.java:197)
	at edu.luc.etl.cs313.android.shapes.model.BoundingBox.helper(BoundingBox.java:197)
	at edu.luc.etl.cs313.android.shapes.model.BoundingBox.helper(BoundingBox.java:197)
	at edu.luc.etl.cs313.android.shapes.model.BoundingBox.helper(BoundingBox.java:197)
	at edu.luc.etl.cs313.android.shapes.model.BoundingBox.helper(BoundingBox.java:197)
	at edu.luc.etl.cs313.android.shapes.model.BoundingBox.helper(BoundingBox.java:197)
	at edu.luc.etl.cs313.android.shapes.model.BoundingBox.helper(BoundingBox.java:197)
	at edu.luc.etl.cs313.android.shapes.model.BoundingBox.helper(BoundingBox.java:197)
	at edu.luc.etl.cs313.android.shapes.model.BoundingBox.helper(BoundingBox.java:197)
	at edu.luc.etl.cs313.android.shapes.model.BoundingBox.helper(BoundingBox.java:197)
	at edu.luc.etl.cs313.android.shapes.model.BoundingBox.helper(BoundingBox.java:197)
	at edu.luc.etl.cs313.android.shapes.model.BoundingBox.helper(BoundingBox.java:197)
	at edu.luc.etl.cs313.android.shapes.model.BoundingBox.helper(BoundingBox.java:197)
	at edu.luc.etl.cs313.android.shapes.model.BoundingBox.helper(BoundingBox.java:197)
	at edu.luc.etl.cs313.android.shapes.model.BoundingBox.helper(BoundingBox.java:197)
	at edu.luc.etl.cs313.android.shapes.model.BoundingBox.helper(BoundingBox.java:197)
	at edu.luc.etl.cs313.android.shapes.model.BoundingBox.helper(BoundingBox.java:197)
	at edu.luc.etl.cs313.android.shapes.model.BoundingBox.helper(BoundingBox.java:197)
	at edu.luc.etl.cs313.android.shapes.model.BoundingBox.helper(BoundingBox.java:197)
	at edu.luc.etl.cs313.android.shapes.model.BoundingBox.helper(BoundingBox.java:197)
	at edu.luc.etl.cs313.android.shapes.model.BoundingBox.helper(BoundingBox.java:197)
	at edu.luc.etl.cs313.android.shapes.model.BoundingBox.helper(BoundingBox.java:197)
	at edu.luc.etl.cs313.android.shapes.model.BoundingBox.helper(BoundingBox.java:197)
	at edu.luc.etl.cs313.android.shapes.model.BoundingBox.helper(BoundingBox.java:197)
	at edu.luc.etl.cs313.android.shapes.model.BoundingBox.helper(BoundingBox.java:197)
	at edu.luc.etl.cs313.android.shapes.model.BoundingBox.helper(BoundingBox.java:197)
	at edu.luc.etl.cs313.android.shapes.model.BoundingBox.helper(BoundingBox.java:197)
	at edu.luc.etl.cs313.android.shapes.model.BoundingBox.helper(BoundingBox.java:197)
	at edu.luc.etl.cs313.android.shapes.model.BoundingBox.helper(BoundingBox.java:197)
	at edu.luc.etl.cs313.android.shapes.model.BoundingBox.helper(BoundingBox.java:197)
	at edu.luc.etl.cs313.android.shapes.model.BoundingBox.helper(BoundingBox.java:197)
	at edu.luc.etl.cs313.android.shapes.model.BoundingBox.helper(BoundingBox.java:197)
	at edu.luc.etl.cs313.android.shapes.model.BoundingBox.helper(BoundingBox.java:197)
	at edu.luc.etl.cs313.android.shapes.model.BoundingBox.helper(BoundingBox.java:197)
	at edu.luc.etl.cs313.android.shapes.model.BoundingBox.helper(BoundingBox.java:197)
	at edu.luc.etl.cs313.android.shapes.model.BoundingBox.helper(BoundingBox.java:197)
	at edu.luc.etl.cs313.android.shapes.model.BoundingBox.helper(BoundingBox.java:197)
	at edu.luc.etl.cs313.android.shapes.model.BoundingBox.helper(BoundingBox.java:197)
	at edu.luc.etl.cs313.android.shapes.model.BoundingBox.helper(BoundingBox.java:197)
	at edu.luc.etl.cs313.android.shapes.model.BoundingBox.helper(BoundingBox.java:197)
	at edu.luc.etl.cs313.android.shapes.model.BoundingBox.helper(BoundingBox.java:197)
	at edu.luc.etl.cs313.android.shapes.model.BoundingBox.helper(BoundingBox.java:197)
	at edu.luc.etl.cs313.android.shapes.model.BoundingBox.helper(BoundingBox.java:197)
	at edu.luc.etl.cs313.android.shapes.model.BoundingBox.helper(BoundingBox.java:197)
	at edu.luc.etl.cs313.android.shapes.model.BoundingBox.helper(BoundingBox.java:197)
	at edu.luc.etl.cs313.android.shapes.model.BoundingBox.helper(BoundingBox.java:197)
	at edu.luc.etl.cs313.android.shapes.model.BoundingBox.helper(BoundingBox.java:197)
	at edu.luc.etl.cs313.android.shapes.model.BoundingBox.helper(BoundingBox.java:197)
	at edu.luc.etl.cs313.android.shapes.model.BoundingBox.helper(BoundingBox.java:197)
	at edu.luc.etl.cs313.android.shapes.model.BoundingBox.helper(BoundingBox.java:197)
	at edu.luc.etl.cs313.android.shapes.model.BoundingBox.helper(BoundingBox.java:197)
	at edu.luc.etl.cs313.android.shapes.model.BoundingBox.helper(BoundingBox.java:197)
	at edu.luc.etl.cs313.android.shapes.model.BoundingBox.helper(BoundingBox.java:197)
	at edu.luc.etl.cs313.android.shapes.model.BoundingBox.helper(BoundingBox.java:197)
	at edu.luc.etl.cs313.android.shapes.model.BoundingBox.helper(BoundingBox.java:197)
	at edu.luc.etl.cs313.android.shapes.model.BoundingBox.helper(BoundingBox.java:197)
	at edu.luc.etl.cs313.android.shapes.model.BoundingBox.helper(BoundingBox.java:197)
	at edu.luc.etl.cs313.android.shapes.model.BoundingBox.helper(BoundingBox.java:197)
	at edu.luc.etl.cs313.android.shapes.model.BoundingBox.helper(BoundingBox.java:197)
	at edu.luc.etl.cs313.android.shapes.model.BoundingBox.helper(BoundingBox.java:197)
	at edu.luc.etl.cs313.android.shapes.model.BoundingBox.helper(BoundingBox.java:197)
	at edu.luc.etl.cs313.android.shapes.model.BoundingBox.helper(BoundingBox.java:197)
	at edu.luc.etl.cs313.android.shapes.model.BoundingBox.helper(BoundingBox.java:197)
	at edu.luc.etl.cs313.android.shapes.model.BoundingBox.helper(BoundingBox.java:197)
	at edu.luc.etl.cs313.android.shapes.model.BoundingBox.helper(BoundingBox.java:197)
	at edu.luc.etl.cs313.android.shapes.model.BoundingBox.helper(BoundingBox.java:197)
	at edu.luc.etl.cs313.android.shapes.model.BoundingBox.helper(BoundingBox.java:197)
	at edu.luc.etl.cs313.android.shapes.model.BoundingBox.helper(BoundingBox.java:197)
	at edu.luc.etl.cs313.android.shapes.model.BoundingBox.helper(BoundingBox.java:197)
	at edu.luc.etl.cs313.android.shapes.model.BoundingBox.helper(BoundingBox.java:197)
	at edu.luc.etl.cs313.android.shapes.model.BoundingBox.helper(BoundingBox.java:197)
	at edu.luc.etl.cs313.android.shapes.model.BoundingBox.helper(BoundingBox.java:197)
	at edu.luc.etl.cs313.android.shapes.model.BoundingBox.helper(BoundingBox.java:197)
	at edu.luc.etl.cs313.android.shapes.model.BoundingBox.helper(BoundingBox.java:197)
	at edu.luc.etl.cs313.android.shapes.model.BoundingBox.helper(BoundingBox.java:197)
	at edu.luc.etl.cs313.android.shapes.model.BoundingBox.helper(BoundingBox.java:197)
	at edu.luc.etl.cs313.android.shapes.model.BoundingBox.helper(BoundingBox.java:197)
	at edu.luc.etl.cs313.android.shapes.model.BoundingBox.helper(BoundingBox.java:197)
	at edu.luc.etl.cs313.android.shapes.model.BoundingBox.helper(BoundingBox.java:197)
	at edu.luc.etl.cs313.android.shapes.model.BoundingBox.helper(BoundingBox.java:197)
	at edu.luc.etl.cs313.android.shapes.model.BoundingBox.helper(BoundingBox.java:197)
	at edu.luc.etl.cs313.android.shapes.model.BoundingBox.helper(BoundingBox.java:197)
	at edu.luc.etl.cs313.android.shapes.model.BoundingBox.helper(BoundingBox.java:197)
	at edu.luc.etl.cs313.android.shapes.model.BoundingBox.helper(BoundingBox.java:197)
	at edu.luc.etl.cs313.android.shapes.model.BoundingBox.helper(BoundingBox.java:197)
	at edu.luc.etl.cs313.android.shapes.model.BoundingBox.helper(BoundingBox.java:197)
	at edu.luc.etl.cs313.android.shapes.model.BoundingBox.helper(BoundingBox.java:197)
	at edu.luc.etl.cs313.android.shapes.model.BoundingBox.helper(BoundingBox.java:197)
	at edu.luc.etl.cs313.android.shapes.model.BoundingBox.helper(BoundingBox.java:197)
	at edu.luc.etl.cs313.android.shapes.model.BoundingBox.helper(BoundingBox.java:197)
	at edu.luc.etl.cs313.android.shapes.model.BoundingBox.helper(BoundingBox.java:197)
	at edu.luc.etl.cs313.android.shapes.model.BoundingBox.helper(BoundingBox.java:197)
	at edu.luc.etl.cs313.android.shapes.model.BoundingBox.helper(BoundingBox.java:197)
	at edu.luc.etl.cs313.android.shapes.model.BoundingBox.helper(BoundingBox.java:197)
	at edu.luc.etl.cs313.android.shapes.model.BoundingBox.helper(BoundingBox.java:197)
	at edu.luc.etl.cs313.android.shapes.model.BoundingBox.helper(BoundingBox.java:197)
	at edu.luc.etl.cs313.android.shapes.model.BoundingBox.helper(BoundingBox.java:197)
	at edu.luc.etl.cs313.android.shapes.model.BoundingBox.helper(BoundingBox.java:197)
	at edu.luc.etl.cs313.android.shapes.model.BoundingBox.helper(BoundingBox.java:197)
	at edu.luc.etl.cs313.android.shapes.model.BoundingBox.helper(BoundingBox.java:197)
	at edu.luc.etl.cs313.android.shapes.model.BoundingBox.helper(BoundingBox.java:197)
	at edu.luc.etl.cs313.android.shapes.model.BoundingBox.helper(BoundingBox.java:197)
	at edu.luc.etl.cs313.android.shapes.model.BoundingBox.helper(BoundingBox.java:197)
	at edu.luc.etl.cs313.android.shapes.model.BoundingBox.helper(BoundingBox.java:197)
	at edu.luc.etl.cs313.android.shapes.model.BoundingBox.helper(BoundingBox.java:197)
	at edu.luc.etl.cs313.android.shapes.model.BoundingBox.helper(BoundingBox.java:197)
	at edu.luc.etl.cs313.android.shapes.model.BoundingBox.helper(BoundingBox.java:197)
	at edu.luc.etl.cs313.android.shapes.model.BoundingBox.helper(BoundingBox.java:197)
	at edu.luc.etl.cs313.android.shapes.model.BoundingBox.helper(BoundingBox.java:197)
	at edu.luc.etl.cs313.android.shapes.model.BoundingBox.helper(BoundingBox.java:197)
	at edu.luc.etl.cs313.android.shapes.model.BoundingBox.helper(BoundingBox.java:197)
	at edu.luc.etl.cs313.android.shapes.model.BoundingBox.helper(BoundingBox.java:197)
	at edu.luc.etl.cs313.android.shapes.model.BoundingBox.helper(BoundingBox.java:197)
	at edu.luc.etl.cs313.android.shapes.model.BoundingBox.helper(BoundingBox.java:197)
	at edu.luc.etl.cs313.android.shapes.model.BoundingBox.helper(BoundingBox.java:197)
	at edu.luc.etl.cs313.android.shapes.model.BoundingBox.helper(BoundingBox.java:197)
	at edu.luc.etl.cs313.android.shapes.model.BoundingBox.helper(BoundingBox.java:197)
	at edu.luc.etl.cs313.android.shapes.model.BoundingBox.helper(BoundingBox.java:197)
	at edu.luc.etl.cs313.android.shapes.model.BoundingBox.helper(BoundingBox.java:197)
	at edu.luc.etl.cs313.android.shapes.model.BoundingBox.helper(BoundingBox.java:197)
	at edu.luc.etl.cs313.android.shapes.model.BoundingBox.helper(BoundingBox.java:197)
	at edu.luc.etl.cs313.android.shapes.model.BoundingBox.helper(BoundingBox.java:197)
	at edu.luc.etl.cs313.android.shapes.model.BoundingBox.helper(BoundingBox.java:197)
	at edu.luc.etl.cs313.android.shapes.model.BoundingBox.helper(BoundingBox.java:197)
	at edu.luc.etl.cs313.android.shapes.model.BoundingBox.helper(BoundingBox.java:197)
	at edu.luc.etl.cs313.android.shapes.model.BoundingBox.helper(BoundingBox.java:197)
	at edu.luc.etl.cs313.android.shapes.model.BoundingBox.helper(BoundingBox.java:197)
	at edu.luc.etl.cs313.android.shapes.model.BoundingBox.helper(BoundingBox.java:197)
	at edu.luc.etl.cs313.android.shapes.model.BoundingBox.helper(BoundingBox.java:197)
	at edu.luc.etl.cs313.android.shapes.model.BoundingBox.helper(BoundingBox.java:197)
	at edu.luc.etl.cs313.android.shapes.model.BoundingBox.helper(BoundingBox.java:197)
	at edu.luc.etl.cs313.android.shapes.model.BoundingBox.helper(BoundingBox.java:197)
	at edu.luc.etl.cs313.android.shapes.model.BoundingBox.helper(BoundingBox.java:197)
	at edu.luc.etl.cs313.android.shapes.model.BoundingBox.helper(BoundingBox.java:197)
	at edu.luc.etl.cs313.android.shapes.model.BoundingBox.helper(BoundingBox.java:197)
	at edu.luc.etl.cs313.android.shapes.model.BoundingBox.helper(BoundingBox.java:197)
	at edu.luc.etl.cs313.android.shapes.model.BoundingBox.helper(BoundingBox.java:197)
	at edu.luc.etl.cs313.android.shapes.model.BoundingBox.helper(BoundingBox.java:197)
	at edu.luc.etl.cs313.android.shapes.model.BoundingBox.helper(BoundingBox.java:197)
	at edu.luc.etl.cs313.android.shapes.model.BoundingBox.helper(BoundingBox.java:197)
	at edu.luc.etl.cs313.android.shapes.model.BoundingBox.helper(BoundingBox.java:197)
	at edu.luc.etl.cs313.android.shapes.model.BoundingBox.helper(BoundingBox.java:197)
	at edu.luc.etl.cs313.android.shapes.model.BoundingBox.helper(BoundingBox.java:197)
	at edu.luc.etl.cs313.android.shapes.model.BoundingBox.helper(BoundingBox.java:197)
	at edu.luc.etl.cs313.android.shapes.model.BoundingBox.helper(BoundingBox.java:197)
	at edu.luc.etl.cs313.android.shapes.model.BoundingBox.helper(BoundingBox.java:197)
	at edu.luc.etl.cs313.android.shapes.model.BoundingBox.helper(BoundingBox.java:197)
	at edu.luc.etl.cs313.android.shapes.model.BoundingBox.helper(BoundingBox.java:197)
	at edu.luc.etl.cs313.android.shapes.model.BoundingBox.helper(BoundingBox.java:197)
	at edu.luc.etl.cs313.android.shapes.model.BoundingBox.helper(BoundingBox.java:197)
	at edu.luc.etl.cs313.android.shapes.model.BoundingBox.helper(BoundingBox.java:197)
	at edu.luc.etl.cs313.android.shapes.model.BoundingBox.helper(BoundingBox.java:197)
	at edu.luc.etl.cs313.android.shapes.model.BoundingBox.helper(BoundingBox.java:197)
	at edu.luc.etl.cs313.android.shapes.model.BoundingBox.helper(BoundingBox.java:197)
	at edu.luc.etl.cs313.android.shapes.model.BoundingBox.helper(BoundingBox.java:197)
	at edu.luc.etl.cs313.android.shapes.model.BoundingBox.helper(BoundingBox.java:197)
	at edu.luc.etl.cs313.android.shapes.model.BoundingBox.helper(BoundingBox.java:197)
	at edu.luc.etl.cs313.android.shapes.model.BoundingBox.helper(BoundingBox.java:197)
	at edu.luc.etl.cs313.android.shapes.model.BoundingBox.helper(BoundingBox.java:197)
	at edu.luc.etl.cs313.android.shapes.model.BoundingBox.helper(BoundingBox.java:197)
	at edu.luc.etl.cs313.android.shapes.model.BoundingBox.helper(BoundingBox.java:197)
	at edu.luc.etl.cs313.android.shapes.model.BoundingBox.helper(BoundingBox.java:197)
	at edu.luc.etl.cs313.android.shapes.model.BoundingBox.helper(BoundingBox.java:197)
	at edu.luc.etl.cs313.android.shapes.model.BoundingBox.helper(BoundingBox.java:197)
	at edu.luc.etl.cs313.android.shapes.model.BoundingBox.helper(BoundingBox.java:197)
	at edu.luc.etl.cs313.android.shapes.model.BoundingBox.helper(BoundingBox.java:197)
	at edu.luc.etl.cs313.android.shapes.model.BoundingBox.helper(BoundingBox.java:197)
	at edu.luc.etl.cs313.android.shapes.model.BoundingBox.helper(BoundingBox.java:197)
	at edu.luc.etl.cs313.android.shapes.model.BoundingBox.helper(BoundingBox.java:197)
	at edu.luc.etl.cs313.android.shapes.model.BoundingBox.helper(BoundingBox.java:197)
	at edu.luc.etl.cs313.android.shapes.model.BoundingBox.helper(BoundingBox.java:197)
	at edu.luc.etl.cs313.android.shapes.model.BoundingBox.helper(BoundingBox.java:197)
	at edu.luc.etl.cs313.android.shapes.model.BoundingBox.helper(BoundingBox.java:197)
	at edu.luc.etl.cs313.android.shapes.model.BoundingBox.helper(BoundingBox.java:197)
	at edu.luc.etl.cs313.android.shapes.model.BoundingBox.helper(BoundingBox.java:197)
	at edu.luc.etl.cs313.android.shapes.model.BoundingBox.helper(BoundingBox.java:197)
	at edu.luc.etl.cs313.android.shapes.model.BoundingBox.helper(BoundingBox.java:197)
	at edu.luc.etl.cs313.android.shapes.model.BoundingBox.helper(BoundingBox.java:197)
	at edu.luc.etl.cs313.android.shapes.model.BoundingBox.helper(BoundingBox.java:197)
	at edu.luc.etl.cs313.android.shapes.model.BoundingBox.helper(BoundingBox.java:197)
	at edu.luc.etl.cs313.android.shapes.model.BoundingBox.helper(BoundingBox.java:197)
	at edu.luc.etl.cs313.android.shapes.model.BoundingBox.helper(BoundingBox.java:197)
	at edu.luc.etl.cs313.android.shapes.model.BoundingBox.helper(BoundingBox.java:197)
</failure>
  </testcase>
  <testcase name="testRectangle" classname="edu.luc.etl.cs313.android.shapes.model.TestBoundingBox" time="0.0"/>
  <system-out><![CDATA[Stroke Color and edu.luc.etl.cs313.android.shapes.model.Rectangle@810fbee
]]></system-out>
  <system-err><![CDATA[]]></system-err>
</testsuite>
